/opt/amdgpu/share/libdrm/amdgpu.ids: No such file or directory
/opt/amdgpu/share/libdrm/amdgpu.ids: No such file or directory
INFO: torch.cuda.is_available(): True
INFO: torch.cuda.device_count(): 1
INFO: torch.version.cuda: None
INFO: cudnn_version: 3003000
INFO: CUDA_VISIBLE_DEVICES: 0
INFO: current_device: 0
INFO: device_name: AMD Radeon Graphics
Metadata target_length: 256
Metadata total_saved_segments: 30850
Found total NPZ files: 30850
Kept files: 30850
Unique TIC IDs kept: 898
Enabled flux branches: ['2min', '8min', '32min', '128min']
USE_PHASE_BRANCH: True
USE_EXTRA_FEATURES_BRANCH: True
n_segments summary: min=2, median=47.0, max=52
Example file: 1271077945_seg0000.npz
2min flux shape: (256,) mask shape: (256,) patch_size: 16
8min flux shape: (256,) mask shape: (256,) patch_size: 16
32min flux shape: (256,) mask shape: (256,) patch_size: 16
128min flux shape: (256,) mask shape: (256,) patch_size: 16
phase folded flux shape: (256,) folded mask shape: (256,) patch_size: 16
Loaded 1000 records into memory...
Loaded 2000 records into memory...
Loaded 3000 records into memory...
Loaded 4000 records into memory...
Loaded 5000 records into memory...
Loaded 6000 records into memory...
Loaded 7000 records into memory...
Loaded 8000 records into memory...
Loaded 9000 records into memory...
Loaded 10000 records into memory...
Loaded 11000 records into memory...
Loaded 12000 records into memory...
Loaded 13000 records into memory...
Loaded 14000 records into memory...
Loaded 15000 records into memory...
Loaded 16000 records into memory...
Loaded 17000 records into memory...
Loaded 18000 records into memory...
Loaded 19000 records into memory...
Loaded 20000 records into memory...
Loaded 21000 records into memory...
Loaded 21398 records into memory.
Loaded 1000 records into memory...
Loaded 2000 records into memory...
Loaded 3000 records into memory...
Loaded 4000 records into memory...
Loaded 4800 records into memory.
TIC-level train class counts: {'eclipsing': 71, 'pulsating': 374, 'rotating': 183}
TIC-level class weights: [2.94835681 0.5597148  1.143898  ]
Train files: 21398, Val files: 4800, Test files: 4652
Train TICs: 628, Val TICs: 135, Test TICs: 135
Class names: ['eclipsing', 'pulsating', 'rotating']
TIC-level class weights: tensor([2.9484, 0.5597, 1.1439])
USE_PATCH_EMBEDDING: True
PATCH_SIZE: {'2min': 16, '8min': 16, '32min': 16, '128min': 16, 'phase': 16}
MIN_VALID_POINTS_PER_PATCH: 1
MAX_POSITION_EMBEDDINGS: 256
BRANCH_ENCODER_TYPE: cnn
BACKBONE_MODEL_NAME: None
USE_LORA: True
LORA_R: 8
LORA_ALPHA: 16
LORA_DROPOUT: 0.1
USE_CLASS_SAMPLING: False
RUN_TEST_EVALUATION: False
LOAD_DATASET_IN_MEMORY: True
2min valid fraction: mean=0.9846, min=0.0117, p05=0.9883, median=1.0000
8min valid fraction: mean=0.9440, min=0.0039, p05=0.4414, median=1.0000
32min valid fraction: mean=0.8530, min=0.0039, p05=0.4453, median=1.0000
128min valid fraction: mean=0.7843, min=0.0039, p05=0.3359, median=0.8477
wandb: [wandb.login()] Loaded credentials for https://api.wandb.ai from /home/truepeak/.netrc.
wandb: Currently logged in as: alex-mateides to https://api.wandb.ai. Use `wandb login --relogin` to force relogin
wandb: setting up run eqnqrxmy
wandb: Tracking run with wandb version 0.26.1
wandb: Run data is saved locally in /home/truepeak/PycharmProjects/bachelors-thesis/src/lightcurves/trainer/wandb/run-20260515_184713-eqnqrxmy
wandb: Run `wandb offline` to turn off syncing.
wandb: Syncing run clear-dream-90
wandb: ⭐️ View project at https://wandb.ai/alex-mateides/huggingface
wandb: 🚀 View run at https://wandb.ai/alex-mateides/huggingface/runs/eqnqrxmy
{'loss': 0.6075, 'grad_norm': 5.730190277099609, 'learning_rate': 4.995194294923297e-05, 'epoch': 1.0}
{'eval_loss': 0.388403981924057, 'eval_accuracy': 0.8704166666666666, 'eval_f1_macro': 0.8738091288930817, 'eval_f1_weighted': 0.8722226954678391, 'eval_precision_macro': 0.8798606597468321, 'eval_recall_macro': 0.872870267711463, 'eval_runtime': 2.7438, 'eval_samples_per_second': 1749.395, 'eval_steps_per_second': 27.334, 'epoch': 1.0}

TIC-level validation metrics for checkpoint selection:
  eval_tic_meanprob_accuracy: 0.866667
  eval_tic_meanprob_f1_macro: 0.862541
  eval_tic_meanprob_f1_weighted: 0.869117
  eval_tic_meanprob_precision_macro: 0.887069
  eval_tic_meanprob_recall_macro: 0.849446
  eval_tic_count: 135
Saved new best TIC-level model to /home/truepeak/PycharmProjects/bachelors-thesis/src/lightcurves/example_experiment/results/001_example_experiment/best_tic_model.pt with tic_meanprob_f1_macro=0.862541
{'loss': 0.4766, 'grad_norm': 11.766242027282715, 'learning_rate': 4.98073856816049e-05, 'epoch': 2.0}
{'eval_loss': 0.4277012050151825, 'eval_accuracy': 0.8889583333333333, 'eval_f1_macro': 0.8859071671951345, 'eval_f1_weighted': 0.8877819063654101, 'eval_precision_macro': 0.9159200363989854, 'eval_recall_macro': 0.8622036563213484, 'eval_runtime': 2.6358, 'eval_samples_per_second': 1821.061, 'eval_steps_per_second': 28.454, 'epoch': 2.0}

TIC-level validation metrics for checkpoint selection:
  eval_tic_meanprob_accuracy: 0.903704
  eval_tic_meanprob_f1_macro: 0.891248
  eval_tic_meanprob_f1_weighted: 0.903011
  eval_tic_meanprob_precision_macro: 0.924768
  eval_tic_meanprob_recall_macro: 0.865590
  eval_tic_count: 135
Saved new best TIC-level model to /home/truepeak/PycharmProjects/bachelors-thesis/src/lightcurves/example_experiment/results/001_example_experiment/best_tic_model.pt with tic_meanprob_f1_macro=0.891248
{'loss': 0.4332, 'grad_norm': 18.926233291625977, 'learning_rate': 4.956689826767975e-05, 'epoch': 3.0}
{'eval_loss': 0.35944706201553345, 'eval_accuracy': 0.8789583333333333, 'eval_f1_macro': 0.8558202904968013, 'eval_f1_weighted': 0.8787023170237939, 'eval_precision_macro': 0.8446050292695856, 'eval_recall_macro': 0.8720793871841451, 'eval_runtime': 2.589, 'eval_samples_per_second': 1853.986, 'eval_steps_per_second': 28.969, 'epoch': 3.0}

TIC-level validation metrics for checkpoint selection:
  eval_tic_meanprob_accuracy: 0.888889
  eval_tic_meanprob_f1_macro: 0.869841
  eval_tic_meanprob_f1_weighted: 0.888081
  eval_tic_meanprob_precision_macro: 0.889981
  eval_tic_meanprob_recall_macro: 0.852928
  eval_tic_count: 135
{'loss': 0.3981, 'grad_norm': 3.412196159362793, 'learning_rate': 4.9231429801412014e-05, 'epoch': 4.0}
{'eval_loss': 0.3619515001773834, 'eval_accuracy': 0.8814583333333333, 'eval_f1_macro': 0.8865907932704374, 'eval_f1_weighted': 0.883546471832891, 'eval_precision_macro': 0.9018062073600825, 'eval_recall_macro': 0.8847846742636595, 'eval_runtime': 2.5783, 'eval_samples_per_second': 1861.728, 'eval_steps_per_second': 29.089, 'epoch': 4.0}

TIC-level validation metrics for checkpoint selection:
  eval_tic_meanprob_accuracy: 0.866667
  eval_tic_meanprob_f1_macro: 0.865604
  eval_tic_meanprob_f1_weighted: 0.870528
  eval_tic_meanprob_precision_macro: 0.889762
  eval_tic_meanprob_recall_macro: 0.862741
  eval_tic_count: 135
{'loss': 0.3765, 'grad_norm': 4.411306858062744, 'learning_rate': 4.880230422357706e-05, 'epoch': 5.0}
{'eval_loss': 0.31276071071624756, 'eval_accuracy': 0.883125, 'eval_f1_macro': 0.866935524637464, 'eval_f1_weighted': 0.8845354809961223, 'eval_precision_macro': 0.8427248006013306, 'eval_recall_macro': 0.9001327951198271, 'eval_runtime': 2.4579, 'eval_samples_per_second': 1952.892, 'eval_steps_per_second': 30.514, 'epoch': 5.0}

TIC-level validation metrics for checkpoint selection:
  eval_tic_meanprob_accuracy: 0.903704
  eval_tic_meanprob_f1_macro: 0.902214
  eval_tic_meanprob_f1_weighted: 0.905307
  eval_tic_meanprob_precision_macro: 0.896438
  eval_tic_meanprob_recall_macro: 0.910668
  eval_tic_count: 135
Saved new best TIC-level model to /home/truepeak/PycharmProjects/bachelors-thesis/src/lightcurves/example_experiment/results/001_example_experiment/best_tic_model.pt with tic_meanprob_f1_macro=0.902214
{'loss': 0.3607, 'grad_norm': 3.8173816204071045, 'learning_rate': 4.82812150967818e-05, 'epoch': 6.0}
{'eval_loss': 0.30062198638916016, 'eval_accuracy': 0.8929166666666667, 'eval_f1_macro': 0.895679495048712, 'eval_f1_weighted': 0.8942519542747749, 'eval_precision_macro': 0.8889462356644814, 'eval_recall_macro': 0.9081130376796352, 'eval_runtime': 2.5462, 'eval_samples_per_second': 1885.147, 'eval_steps_per_second': 29.455, 'epoch': 6.0}

TIC-level validation metrics for checkpoint selection:
  eval_tic_meanprob_accuracy: 0.911111
  eval_tic_meanprob_f1_macro: 0.910389
  eval_tic_meanprob_f1_weighted: 0.912957
  eval_tic_meanprob_precision_macro: 0.921547
  eval_tic_meanprob_recall_macro: 0.909972
  eval_tic_count: 135
Saved new best TIC-level model to /home/truepeak/PycharmProjects/bachelors-thesis/src/lightcurves/example_experiment/results/001_example_experiment/best_tic_model.pt with tic_meanprob_f1_macro=0.910389
{'loss': 0.3479, 'grad_norm': 8.12539291381836, 'learning_rate': 4.7670218921746815e-05, 'epoch': 7.0}
{'eval_loss': 0.31150496006011963, 'eval_accuracy': 0.8979166666666667, 'eval_f1_macro': 0.8985986092825011, 'eval_f1_weighted': 0.8987583238676558, 'eval_precision_macro': 0.8976196579342867, 'eval_recall_macro': 0.9016263025129109, 'eval_runtime': 2.5226, 'eval_samples_per_second': 1902.824, 'eval_steps_per_second': 29.732, 'epoch': 7.0}

TIC-level validation metrics for checkpoint selection:
  eval_tic_meanprob_accuracy: 0.911111
  eval_tic_meanprob_f1_macro: 0.908953
  eval_tic_meanprob_f1_weighted: 0.912268
  eval_tic_meanprob_precision_macro: 0.922300
  eval_tic_meanprob_recall_macro: 0.901108
  eval_tic_count: 135
{'loss': 0.3314, 'grad_norm': 11.148510932922363, 'learning_rate': 4.6971727021237207e-05, 'epoch': 8.0}
{'eval_loss': 0.2985354959964752, 'eval_accuracy': 0.8958333333333334, 'eval_f1_macro': 0.8965187132694838, 'eval_f1_weighted': 0.8965211448734857, 'eval_precision_macro': 0.8885731114412962, 'eval_recall_macro': 0.9063544092999768, 'eval_runtime': 2.6119, 'eval_samples_per_second': 1837.77, 'eval_steps_per_second': 28.715, 'epoch': 8.0}

TIC-level validation metrics for checkpoint selection:
  eval_tic_meanprob_accuracy: 0.903704
  eval_tic_meanprob_f1_macro: 0.903255
  eval_tic_meanprob_f1_weighted: 0.905224
  eval_tic_meanprob_precision_macro: 0.916017
  eval_tic_meanprob_recall_macro: 0.896993
  eval_tic_count: 135
{'loss': 0.3259, 'grad_norm': 2.6068341732025146, 'learning_rate': 4.618849602367374e-05, 'epoch': 9.0}
{'eval_loss': 0.28451666235923767, 'eval_accuracy': 0.891875, 'eval_f1_macro': 0.8819031103981613, 'eval_f1_weighted': 0.8926822649497437, 'eval_precision_macro': 0.8635519109654896, 'eval_recall_macro': 0.9045042683993444, 'eval_runtime': 2.4672, 'eval_samples_per_second': 1945.522, 'eval_steps_per_second': 30.399, 'epoch': 9.0}

TIC-level validation metrics for checkpoint selection:
  eval_tic_meanprob_accuracy: 0.918519
  eval_tic_meanprob_f1_macro: 0.923232
  eval_tic_meanprob_f1_weighted: 0.919907
  eval_tic_meanprob_precision_macro: 0.926407
  eval_tic_meanprob_recall_macro: 0.923330
  eval_tic_count: 135
Saved new best TIC-level model to /home/truepeak/PycharmProjects/bachelors-thesis/src/lightcurves/example_experiment/results/001_example_experiment/best_tic_model.pt with tic_meanprob_f1_macro=0.923232
{'loss': 0.3219, 'grad_norm': 3.3643991947174072, 'learning_rate': 4.532361698397964e-05, 'epoch': 10.0}
{'eval_loss': 0.30292847752571106, 'eval_accuracy': 0.901875, 'eval_f1_macro': 0.9072848425297133, 'eval_f1_weighted': 0.902908156057418, 'eval_precision_macro': 0.9064670562750335, 'eval_recall_macro': 0.9122642529814312, 'eval_runtime': 2.5865, 'eval_samples_per_second': 1855.772, 'eval_steps_per_second': 28.996, 'epoch': 10.0}

TIC-level validation metrics for checkpoint selection:
  eval_tic_meanprob_accuracy: 0.903704
  eval_tic_meanprob_f1_macro: 0.904038
  eval_tic_meanprob_f1_weighted: 0.905600
  eval_tic_meanprob_precision_macro: 0.915745
  eval_tic_meanprob_recall_macro: 0.901425
  eval_tic_count: 135
{'loss': 0.3168, 'grad_norm': 2.343655586242676, 'learning_rate': 4.438050318459892e-05, 'epoch': 11.0}
{'eval_loss': 0.3271326720714569, 'eval_accuracy': 0.88625, 'eval_f1_macro': 0.8941969186099638, 'eval_f1_weighted': 0.8880894546128514, 'eval_precision_macro': 0.8999632167103023, 'eval_recall_macro': 0.8988820412388764, 'eval_runtime': 2.4663, 'eval_samples_per_second': 1946.242, 'eval_steps_per_second': 30.41, 'epoch': 11.0}

TIC-level validation metrics for checkpoint selection:
  eval_tic_meanprob_accuracy: 0.911111
  eval_tic_meanprob_f1_macro: 0.911027
  eval_tic_meanprob_f1_weighted: 0.913221
  eval_tic_meanprob_precision_macro: 0.922037
  eval_tic_meanprob_recall_macro: 0.914403
  eval_tic_count: 135
{'loss': 0.3093, 'grad_norm': 3.027188539505005, 'learning_rate': 4.336287666483004e-05, 'epoch': 12.0}
{'eval_loss': 0.3233545422554016, 'eval_accuracy': 0.8802083333333334, 'eval_f1_macro': 0.8918490273197616, 'eval_f1_weighted': 0.8824651278257526, 'eval_precision_macro': 0.8998804460810147, 'eval_recall_macro': 0.8988826656979704, 'eval_runtime': 2.5859, 'eval_samples_per_second': 1856.188, 'eval_steps_per_second': 29.003, 'epoch': 12.0}

TIC-level validation metrics for checkpoint selection:
  eval_tic_meanprob_accuracy: 0.866667
  eval_tic_meanprob_f1_macro: 0.877993
  eval_tic_meanprob_f1_weighted: 0.870980
  eval_tic_meanprob_precision_macro: 0.893759
  eval_tic_meanprob_recall_macro: 0.889712
  eval_tic_count: 135
{'loss': 0.2987, 'grad_norm': 2.4874837398529053, 'learning_rate': 4.227475353163709e-05, 'epoch': 13.0}
{'eval_loss': 0.31817179918289185, 'eval_accuracy': 0.8835416666666667, 'eval_f1_macro': 0.8943758893470871, 'eval_f1_weighted': 0.8856531564806804, 'eval_precision_macro': 0.9019201162986157, 'eval_recall_macro': 0.8996231499586043, 'eval_runtime': 2.8002, 'eval_samples_per_second': 1714.134, 'eval_steps_per_second': 26.783, 'epoch': 13.0}

TIC-level validation metrics for checkpoint selection:
  eval_tic_meanprob_accuracy: 0.896296
  eval_tic_meanprob_f1_macro: 0.899874
  eval_tic_meanprob_f1_weighted: 0.899138
  eval_tic_meanprob_precision_macro: 0.911905
  eval_tic_meanprob_recall_macro: 0.906173
  eval_tic_count: 135
{'loss': 0.2924, 'grad_norm': 3.6509647369384766, 'learning_rate': 4.112042810991063e-05, 'epoch': 14.0}
{'eval_loss': 0.3424932658672333, 'eval_accuracy': 0.8795833333333334, 'eval_f1_macro': 0.8878842724605368, 'eval_f1_weighted': 0.8817090614300799, 'eval_precision_macro': 0.8968669387140965, 'eval_recall_macro': 0.8928535061422046, 'eval_runtime': 2.7597, 'eval_samples_per_second': 1739.318, 'eval_steps_per_second': 27.177, 'epoch': 14.0}

TIC-level validation metrics for checkpoint selection:
  eval_tic_meanprob_accuracy: 0.888889
  eval_tic_meanprob_f1_macro: 0.894355
  eval_tic_meanprob_f1_weighted: 0.892102
  eval_tic_meanprob_precision_macro: 0.907119
  eval_tic_meanprob_recall_macro: 0.902058
  eval_tic_count: 135
{'loss': 0.2832, 'grad_norm': 3.730293035507202, 'learning_rate': 3.990445599472919e-05, 'epoch': 15.0}
{'eval_loss': 0.32567763328552246, 'eval_accuracy': 0.8885416666666667, 'eval_f1_macro': 0.8956119970522263, 'eval_f1_weighted': 0.8902941746904761, 'eval_precision_macro': 0.9008848648936011, 'eval_recall_macro': 0.9002984900462719, 'eval_runtime': 2.4277, 'eval_samples_per_second': 1977.207, 'eval_steps_per_second': 30.894, 'epoch': 15.0}

TIC-level validation metrics for checkpoint selection:
  eval_tic_meanprob_accuracy: 0.911111
  eval_tic_meanprob_f1_macro: 0.911027
  eval_tic_meanprob_f1_weighted: 0.913221
  eval_tic_meanprob_precision_macro: 0.922037
  eval_tic_meanprob_recall_macro: 0.914403
  eval_tic_count: 135
{'loss': 0.2781, 'grad_norm': 6.513949394226074, 'learning_rate': 3.8631636072506545e-05, 'epoch': 16.0}
{'eval_loss': 0.3167721927165985, 'eval_accuracy': 0.8791666666666667, 'eval_f1_macro': 0.8881388199722512, 'eval_f1_weighted': 0.8810246748061078, 'eval_precision_macro': 0.8844791429877646, 'eval_recall_macro': 0.9057898365834505, 'eval_runtime': 2.5658, 'eval_samples_per_second': 1870.775, 'eval_steps_per_second': 29.231, 'epoch': 16.0}

TIC-level validation metrics for checkpoint selection:
  eval_tic_meanprob_accuracy: 0.874074
  eval_tic_meanprob_f1_macro: 0.883417
  eval_tic_meanprob_f1_weighted: 0.878026
  eval_tic_meanprob_precision_macro: 0.898055
  eval_tic_meanprob_recall_macro: 0.893827
  eval_tic_count: 135
{'loss': 0.2783, 'grad_norm': 4.405910491943359, 'learning_rate': 3.7306991581979596e-05, 'epoch': 17.0}
{'eval_loss': 0.3337235152721405, 'eval_accuracy': 0.8689583333333334, 'eval_f1_macro': 0.8843983244255981, 'eval_f1_weighted': 0.8715023647684569, 'eval_precision_macro': 0.891343266706969, 'eval_recall_macro': 0.8972902209736229, 'eval_runtime': 2.3916, 'eval_samples_per_second': 2007.048, 'eval_steps_per_second': 31.36, 'epoch': 17.0}

TIC-level validation metrics for checkpoint selection:
  eval_tic_meanprob_accuracy: 0.844444
  eval_tic_meanprob_f1_macro: 0.861867
  eval_tic_meanprob_f1_weighted: 0.849773
  eval_tic_meanprob_precision_macro: 0.881715
  eval_tic_meanprob_recall_macro: 0.877366
  eval_tic_count: 135
{'loss': 0.274, 'grad_norm': 10.613306045532227, 'learning_rate': 3.5935750289779884e-05, 'epoch': 18.0}
{'eval_loss': 0.30286771059036255, 'eval_accuracy': 0.91375, 'eval_f1_macro': 0.9151764157390206, 'eval_f1_weighted': 0.9141721156277852, 'eval_precision_macro': 0.9189835261274562, 'eval_recall_macro': 0.9124498602325984, 'eval_runtime': 2.3683, 'eval_samples_per_second': 2026.732, 'eval_steps_per_second': 31.668, 'epoch': 18.0}

TIC-level validation metrics for checkpoint selection:
  eval_tic_meanprob_accuracy: 0.911111
  eval_tic_meanprob_f1_macro: 0.908953
  eval_tic_meanprob_f1_weighted: 0.912268
  eval_tic_meanprob_precision_macro: 0.922300
  eval_tic_meanprob_recall_macro: 0.901108
  eval_tic_count: 135
{'loss': 0.2642, 'grad_norm': 8.218493461608887, 'learning_rate': 3.4523323858827195e-05, 'epoch': 19.0}
{'eval_loss': 0.30732229351997375, 'eval_accuracy': 0.9108333333333334, 'eval_f1_macro': 0.9067955528401876, 'eval_f1_weighted': 0.9110671722872659, 'eval_precision_macro': 0.9046337271916486, 'eval_recall_macro': 0.9091442894368228, 'eval_runtime': 2.526, 'eval_samples_per_second': 1900.235, 'eval_steps_per_second': 29.691, 'epoch': 19.0}

TIC-level validation metrics for checkpoint selection:
  eval_tic_meanprob_accuracy: 0.925926
  eval_tic_meanprob_f1_macro: 0.920520
  eval_tic_meanprob_f1_weighted: 0.926424
  eval_tic_meanprob_precision_macro: 0.935714
  eval_tic_meanprob_recall_macro: 0.909338
  eval_tic_count: 135
{'loss': 0.2567, 'grad_norm': 3.2552857398986816, 'learning_rate': 3.307528649096825e-05, 'epoch': 20.0}
{'eval_loss': 0.31189674139022827, 'eval_accuracy': 0.908125, 'eval_f1_macro': 0.8992637413907622, 'eval_f1_weighted': 0.9084317440944799, 'eval_precision_macro': 0.8909940125134543, 'eval_recall_macro': 0.9082418675092274, 'eval_runtime': 2.3974, 'eval_samples_per_second': 2002.177, 'eval_steps_per_second': 31.284, 'epoch': 20.0}

TIC-level validation metrics for checkpoint selection:
  eval_tic_meanprob_accuracy: 0.911111
  eval_tic_meanprob_f1_macro: 0.899416
  eval_tic_meanprob_f1_weighted: 0.911774
  eval_tic_meanprob_precision_macro: 0.903757
  eval_tic_meanprob_recall_macro: 0.896676
  eval_tic_count: 135
{'loss': 0.2629, 'grad_norm': 2.9484808444976807, 'learning_rate': 3.1597352928148683e-05, 'epoch': 21.0}
{'eval_loss': 0.34106752276420593, 'eval_accuracy': 0.8616666666666667, 'eval_f1_macro': 0.8750918305946525, 'eval_f1_weighted': 0.8642423336393915, 'eval_precision_macro': 0.88503337982686, 'eval_recall_macro': 0.8859540862197485, 'eval_runtime': 2.4337, 'eval_samples_per_second': 1972.278, 'eval_steps_per_second': 30.817, 'epoch': 21.0}

TIC-level validation metrics for checkpoint selection:
  eval_tic_meanprob_accuracy: 0.844444
  eval_tic_meanprob_f1_macro: 0.861867
  eval_tic_meanprob_f1_weighted: 0.849773
  eval_tic_meanprob_precision_macro: 0.881715
  eval_tic_meanprob_recall_macro: 0.877366
  eval_tic_count: 135
{'loss': 0.2516, 'grad_norm': 62.24260330200195, 'learning_rate': 3.0095355898936982e-05, 'epoch': 22.0}
{'eval_loss': 0.3258380591869354, 'eval_accuracy': 0.8972916666666667, 'eval_f1_macro': 0.902696576068105, 'eval_f1_weighted': 0.8984135088920117, 'eval_precision_macro': 0.9003495553281256, 'eval_recall_macro': 0.9101618134321171, 'eval_runtime': 2.3954, 'eval_samples_per_second': 2003.881, 'eval_steps_per_second': 31.311, 'epoch': 22.0}

TIC-level validation metrics for checkpoint selection:
  eval_tic_meanprob_accuracy: 0.888889
  eval_tic_meanprob_f1_macro: 0.892012
  eval_tic_meanprob_f1_weighted: 0.891189
  eval_tic_meanprob_precision_macro: 0.904208
  eval_tic_meanprob_recall_macro: 0.888762
  eval_tic_count: 135
{'loss': 0.245, 'grad_norm': 5.744665145874023, 'learning_rate': 2.857522309941093e-05, 'epoch': 23.0}
{'eval_loss': 0.31852295994758606, 'eval_accuracy': 0.889375, 'eval_f1_macro': 0.8962263283934412, 'eval_f1_weighted': 0.8910474374592338, 'eval_precision_macro': 0.8962096749850638, 'eval_recall_macro': 0.9067220387901563, 'eval_runtime': 2.6693, 'eval_samples_per_second': 1798.193, 'eval_steps_per_second': 28.097, 'epoch': 23.0}

TIC-level validation metrics for checkpoint selection:
  eval_tic_meanprob_accuracy: 0.911111
  eval_tic_meanprob_f1_macro: 0.911027
  eval_tic_meanprob_f1_weighted: 0.913221
  eval_tic_meanprob_precision_macro: 0.922037
  eval_tic_meanprob_recall_macro: 0.914403
  eval_tic_count: 135
{'loss': 0.2442, 'grad_norm': 9.26044750213623, 'learning_rate': 2.7042953799247306e-05, 'epoch': 24.0}
{'eval_loss': 0.31235915422439575, 'eval_accuracy': 0.8783333333333333, 'eval_f1_macro': 0.885426131160506, 'eval_f1_weighted': 0.8801110227812887, 'eval_precision_macro': 0.8795885594937564, 'eval_recall_macro': 0.9049427378964534, 'eval_runtime': 2.3637, 'eval_samples_per_second': 2030.707, 'eval_steps_per_second': 31.73, 'epoch': 24.0}

TIC-level validation metrics for checkpoint selection:
  eval_tic_meanprob_accuracy: 0.881481
  eval_tic_meanprob_f1_macro: 0.888870
  eval_tic_meanprob_f1_weighted: 0.885066
  eval_tic_meanprob_precision_macro: 0.902505
  eval_tic_meanprob_recall_macro: 0.897942
  eval_tic_count: 135
{'loss': 0.2385, 'grad_norm': 8.639851570129395, 'learning_rate': 2.5504595165346594e-05, 'epoch': 25.0}
{'eval_loss': 0.3450290560722351, 'eval_accuracy': 0.9108333333333334, 'eval_f1_macro': 0.9085017982966036, 'eval_f1_weighted': 0.9110911139321, 'eval_precision_macro': 0.9130190851138722, 'eval_recall_macro': 0.9045722192199662, 'eval_runtime': 2.3452, 'eval_samples_per_second': 2046.733, 'eval_steps_per_second': 31.98, 'epoch': 25.0}

TIC-level validation metrics for checkpoint selection:
  eval_tic_meanprob_accuracy: 0.918519
  eval_tic_meanprob_f1_macro: 0.914707
  eval_tic_meanprob_f1_weighted: 0.919333
  eval_tic_meanprob_precision_macro: 0.928859
  eval_tic_meanprob_recall_macro: 0.905223
  eval_tic_count: 135
{'loss': 0.2309, 'grad_norm': 5.138327121734619, 'learning_rate': 2.3966218396427584e-05, 'epoch': 26.0}
{'eval_loss': 0.37169718742370605, 'eval_accuracy': 0.906875, 'eval_f1_macro': 0.9039062238672187, 'eval_f1_weighted': 0.9074292553291896, 'eval_precision_macro': 0.9179684674998742, 'eval_recall_macro': 0.8943105868103869, 'eval_runtime': 2.3744, 'eval_samples_per_second': 2021.53, 'eval_steps_per_second': 31.586, 'epoch': 26.0}

TIC-level validation metrics for checkpoint selection:
  eval_tic_meanprob_accuracy: 0.903704
  eval_tic_meanprob_f1_macro: 0.893786
  eval_tic_meanprob_f1_weighted: 0.904368
  eval_tic_meanprob_precision_macro: 0.918297
  eval_tic_meanprob_recall_macro: 0.878886
  eval_tic_count: 135
{'loss': 0.2291, 'grad_norm': 38.2564582824707, 'learning_rate': 2.243389476277969e-05, 'epoch': 27.0}
{'eval_loss': 0.3470347225666046, 'eval_accuracy': 0.9022916666666667, 'eval_f1_macro': 0.9024227222701943, 'eval_f1_weighted': 0.9034008733354437, 'eval_precision_macro': 0.9111625809696181, 'eval_recall_macro': 0.8997599551896558, 'eval_runtime': 2.409, 'eval_samples_per_second': 1992.536, 'eval_steps_per_second': 31.133, 'epoch': 27.0}

TIC-level validation metrics for checkpoint selection:
  eval_tic_meanprob_accuracy: 0.903704
  eval_tic_meanprob_f1_macro: 0.904038
  eval_tic_meanprob_f1_weighted: 0.905600
  eval_tic_meanprob_precision_macro: 0.915745
  eval_tic_meanprob_recall_macro: 0.901425
  eval_tic_count: 135
{'loss': 0.2253, 'grad_norm': 8.239291191101074, 'learning_rate': 2.0913671645732877e-05, 'epoch': 28.0}
{'eval_loss': 0.31340569257736206, 'eval_accuracy': 0.8810416666666666, 'eval_f1_macro': 0.8736246151221222, 'eval_f1_weighted': 0.882637258008308, 'eval_precision_macro': 0.8574604522743948, 'eval_recall_macro': 0.9001930079835155, 'eval_runtime': 2.343, 'eval_samples_per_second': 2048.677, 'eval_steps_per_second': 32.011, 'epoch': 28.0}

TIC-level validation metrics for checkpoint selection:
  eval_tic_meanprob_accuracy: 0.911111
  eval_tic_meanprob_f1_macro: 0.911027
  eval_tic_meanprob_f1_weighted: 0.913221
  eval_tic_meanprob_precision_macro: 0.922037
  eval_tic_meanprob_recall_macro: 0.914403
  eval_tic_count: 135
{'loss': 0.22, 'grad_norm': 11.586555480957031, 'learning_rate': 1.9411548671406202e-05, 'epoch': 29.0}
{'eval_loss': 0.34792283177375793, 'eval_accuracy': 0.8839583333333333, 'eval_f1_macro': 0.8912515499211201, 'eval_f1_weighted': 0.8858916507582154, 'eval_precision_macro': 0.8978384932920536, 'eval_recall_macro': 0.8972918760820252, 'eval_runtime': 2.4042, 'eval_samples_per_second': 1996.518, 'eval_steps_per_second': 31.196, 'epoch': 29.0}

TIC-level validation metrics for checkpoint selection:
  eval_tic_meanprob_accuracy: 0.888889
  eval_tic_meanprob_f1_macro: 0.894355
  eval_tic_meanprob_f1_weighted: 0.892102
  eval_tic_meanprob_precision_macro: 0.907119
  eval_tic_meanprob_recall_macro: 0.902058
  eval_tic_count: 135
{'loss': 0.2188, 'grad_norm': 9.428546905517578, 'learning_rate': 1.79334540329247e-05, 'epoch': 30.0}
{'eval_loss': 0.32118332386016846, 'eval_accuracy': 0.895, 'eval_f1_macro': 0.8983078551300671, 'eval_f1_weighted': 0.8964092616268222, 'eval_precision_macro': 0.8964040757052786, 'eval_recall_macro': 0.907177535761044, 'eval_runtime': 2.3324, 'eval_samples_per_second': 2057.987, 'eval_steps_per_second': 32.156, 'epoch': 30.0}

TIC-level validation metrics for checkpoint selection:
  eval_tic_meanprob_accuracy: 0.925926
  eval_tic_meanprob_f1_macro: 0.922353
  eval_tic_meanprob_f1_weighted: 0.927340
  eval_tic_meanprob_precision_macro: 0.932995
  eval_tic_meanprob_recall_macro: 0.922634
  eval_tic_count: 135
{'loss': 0.2146, 'grad_norm': 13.113533020019531, 'learning_rate': 1.648522109454921e-05, 'epoch': 31.0}
{'eval_loss': 0.3265847861766815, 'eval_accuracy': 0.9054166666666666, 'eval_f1_macro': 0.9038989993218974, 'eval_f1_weighted': 0.9061323313035069, 'eval_precision_macro': 0.9024104966212119, 'eval_recall_macro': 0.9075487545987423, 'eval_runtime': 2.3966, 'eval_samples_per_second': 2002.826, 'eval_steps_per_second': 31.294, 'epoch': 31.0}

TIC-level validation metrics for checkpoint selection:
  eval_tic_meanprob_accuracy: 0.918519
  eval_tic_meanprob_f1_macro: 0.914707
  eval_tic_meanprob_f1_weighted: 0.919333
  eval_tic_meanprob_precision_macro: 0.928859
  eval_tic_meanprob_recall_macro: 0.905223
  eval_tic_count: 135
{'loss': 0.211, 'grad_norm': 10.706283569335938, 'learning_rate': 1.5072565370052599e-05, 'epoch': 32.0}
{'eval_loss': 0.34149786829948425, 'eval_accuracy': 0.90125, 'eval_f1_macro': 0.9023905053936353, 'eval_f1_weighted': 0.9023224943408475, 'eval_precision_macro': 0.9064267301873526, 'eval_recall_macro': 0.9043109336961629, 'eval_runtime': 2.3614, 'eval_samples_per_second': 2032.649, 'eval_steps_per_second': 31.76, 'epoch': 32.0}

TIC-level validation metrics for checkpoint selection:
  eval_tic_meanprob_accuracy: 0.925926
  eval_tic_meanprob_f1_macro: 0.922353
  eval_tic_meanprob_f1_weighted: 0.927340
  eval_tic_meanprob_precision_macro: 0.932995
  eval_tic_meanprob_recall_macro: 0.922634
  eval_tic_count: 135
{'loss': 0.2085, 'grad_norm': 18.0125789642334, 'learning_rate': 1.3701061966198873e-05, 'epoch': 33.0}
{'eval_loss': 0.37616658210754395, 'eval_accuracy': 0.8858333333333334, 'eval_f1_macro': 0.890429250204007, 'eval_f1_weighted': 0.887644403450198, 'eval_precision_macro': 0.9004125127877637, 'eval_recall_macro': 0.8923764982646625, 'eval_runtime': 2.3906, 'eval_samples_per_second': 2007.828, 'eval_steps_per_second': 31.372, 'epoch': 33.0}

TIC-level validation metrics for checkpoint selection:
  eval_tic_meanprob_accuracy: 0.911111
  eval_tic_meanprob_f1_macro: 0.911027
  eval_tic_meanprob_f1_weighted: 0.913221
  eval_tic_meanprob_precision_macro: 0.922037
  eval_tic_meanprob_recall_macro: 0.914403
  eval_tic_count: 135
{'loss': 0.2071, 'grad_norm': 6.601690769195557, 'learning_rate': 1.2376123580342513e-05, 'epoch': 34.0}
{'eval_loss': 0.3830690085887909, 'eval_accuracy': 0.8989583333333333, 'eval_f1_macro': 0.8978482222423741, 'eval_f1_weighted': 0.9001381752211808, 'eval_precision_macro': 0.9113477059469749, 'eval_recall_macro': 0.8925054446488359, 'eval_runtime': 2.4132, 'eval_samples_per_second': 1989.057, 'eval_steps_per_second': 31.079, 'epoch': 34.0}

TIC-level validation metrics for checkpoint selection:
  eval_tic_meanprob_accuracy: 0.911111
  eval_tic_meanprob_f1_macro: 0.900849
  eval_tic_meanprob_f1_weighted: 0.912024
  eval_tic_meanprob_precision_macro: 0.923012
  eval_tic_meanprob_recall_macro: 0.891865
  eval_tic_count: 135
{'loss': 0.205, 'grad_norm': 6.169615745544434, 'learning_rate': 1.1102979138985717e-05, 'epoch': 35.0}
{'eval_loss': 0.3310668468475342, 'eval_accuracy': 0.9052083333333333, 'eval_f1_macro': 0.90395137923189, 'eval_f1_weighted': 0.9061160155443978, 'eval_precision_macro': 0.905701305663622, 'eval_recall_macro': 0.9060764746462356, 'eval_runtime': 2.3478, 'eval_samples_per_second': 2044.473, 'eval_steps_per_second': 31.945, 'epoch': 35.0}

TIC-level validation metrics for checkpoint selection:
  eval_tic_meanprob_accuracy: 0.918519
  eval_tic_meanprob_f1_macro: 0.914707
  eval_tic_meanprob_f1_weighted: 0.919333
  eval_tic_meanprob_precision_macro: 0.928859
  eval_tic_meanprob_recall_macro: 0.905223
  eval_tic_count: 135
{'loss': 0.2008, 'grad_norm': 11.503453254699707, 'learning_rate': 9.886653161594158e-06, 'epoch': 36.0}
{'eval_loss': 0.3776867389678955, 'eval_accuracy': 0.8872916666666667, 'eval_f1_macro': 0.8899540406928786, 'eval_f1_weighted': 0.8889711605524547, 'eval_precision_macro': 0.9006709591250237, 'eval_recall_macro': 0.8909793886802791, 'eval_runtime': 2.4157, 'eval_samples_per_second': 1986.982, 'eval_steps_per_second': 31.047, 'epoch': 36.0}

TIC-level validation metrics for checkpoint selection:
  eval_tic_meanprob_accuracy: 0.896296
  eval_tic_meanprob_f1_macro: 0.890196
  eval_tic_meanprob_f1_weighted: 0.898155
  eval_tic_meanprob_precision_macro: 0.912309
  eval_tic_meanprob_recall_macro: 0.888066
  eval_tic_count: 135
{'loss': 0.1998, 'grad_norm': 13.955167770385742, 'learning_rate': 8.731945931114144e-06, 'epoch': 37.0}
{'eval_loss': 0.33512935042381287, 'eval_accuracy': 0.89875, 'eval_f1_macro': 0.8976254342046383, 'eval_f1_weighted': 0.8998946767888544, 'eval_precision_macro': 0.8995543785812709, 'eval_recall_macro': 0.9008899668616918, 'eval_runtime': 2.4135, 'eval_samples_per_second': 1988.825, 'eval_steps_per_second': 31.075, 'epoch': 37.0}

TIC-level validation metrics for checkpoint selection:
  eval_tic_meanprob_accuracy: 0.903704
  eval_tic_meanprob_f1_macro: 0.903255
  eval_tic_meanprob_f1_weighted: 0.905224
  eval_tic_meanprob_precision_macro: 0.916017
  eval_tic_meanprob_recall_macro: 0.896993
  eval_tic_count: 135
{'loss': 0.1982, 'grad_norm': 6.501785755157471, 'learning_rate': 7.64341454944892e-06, 'epoch': 38.0}
{'eval_loss': 0.3630196750164032, 'eval_accuracy': 0.9027083333333333, 'eval_f1_macro': 0.9019198205839846, 'eval_f1_weighted': 0.9036676515719794, 'eval_precision_macro': 0.909666927562158, 'eval_recall_macro': 0.8992704319513081, 'eval_runtime': 2.4268, 'eval_samples_per_second': 1977.874, 'eval_steps_per_second': 30.904, 'epoch': 38.0}

TIC-level validation metrics for checkpoint selection:
  eval_tic_meanprob_accuracy: 0.911111
  eval_tic_meanprob_f1_macro: 0.908953
  eval_tic_meanprob_f1_weighted: 0.912268
  eval_tic_meanprob_precision_macro: 0.922300
  eval_tic_meanprob_recall_macro: 0.901108
  eval_tic_count: 135
{'loss': 0.196, 'grad_norm': 23.98790740966797, 'learning_rate': 6.625354952658975e-06, 'epoch': 39.0}
{'eval_loss': 0.3825863003730774, 'eval_accuracy': 0.903125, 'eval_f1_macro': 0.8990562953215065, 'eval_f1_weighted': 0.9039239307531964, 'eval_precision_macro': 0.91185095819338, 'eval_recall_macro': 0.8921510715331372, 'eval_runtime': 2.4267, 'eval_samples_per_second': 1978.002, 'eval_steps_per_second': 30.906, 'epoch': 39.0}

TIC-level validation metrics for checkpoint selection:
  eval_tic_meanprob_accuracy: 0.903704
  eval_tic_meanprob_f1_macro: 0.893786
  eval_tic_meanprob_f1_weighted: 0.904368
  eval_tic_meanprob_precision_macro: 0.918297
  eval_tic_meanprob_recall_macro: 0.878886
  eval_tic_count: 135
{'loss': 0.1918, 'grad_norm': 5.412930965423584, 'learning_rate': 5.681784956865802e-06, 'epoch': 40.0}
{'eval_loss': 0.35879743099212646, 'eval_accuracy': 0.8995833333333333, 'eval_f1_macro': 0.899219321011842, 'eval_f1_weighted': 0.9007460047320164, 'eval_precision_macro': 0.9055057821504464, 'eval_recall_macro': 0.899256164103165, 'eval_runtime': 2.4009, 'eval_samples_per_second': 1999.275, 'eval_steps_per_second': 31.239, 'epoch': 40.0}

TIC-level validation metrics for checkpoint selection:
  eval_tic_meanprob_accuracy: 0.918519
  eval_tic_meanprob_f1_macro: 0.916063
  eval_tic_meanprob_f1_weighted: 0.920010
  eval_tic_meanprob_precision_macro: 0.927281
  eval_tic_meanprob_recall_macro: 0.914087
  eval_tic_count: 135
{'loss': 0.189, 'grad_norm': 3.5648059844970703, 'learning_rate': 4.816428401766649e-06, 'epoch': 41.0}
{'eval_loss': 0.37115123867988586, 'eval_accuracy': 0.8958333333333334, 'eval_f1_macro': 0.8967702390491832, 'eval_f1_weighted': 0.897183385142127, 'eval_precision_macro': 0.905504224453618, 'eval_recall_macro': 0.8965488052768076, 'eval_runtime': 2.4191, 'eval_samples_per_second': 1984.234, 'eval_steps_per_second': 31.004, 'epoch': 41.0}

TIC-level validation metrics for checkpoint selection:
  eval_tic_meanprob_accuracy: 0.925926
  eval_tic_meanprob_f1_macro: 0.922353
  eval_tic_meanprob_f1_weighted: 0.927340
  eval_tic_meanprob_precision_macro: 0.932995
  eval_tic_meanprob_recall_macro: 0.922634
  eval_tic_count: 135
{'loss': 0.1891, 'grad_norm': 6.747045516967773, 'learning_rate': 4.032700454340758e-06, 'epoch': 42.0}
{'eval_loss': 0.35217395424842834, 'eval_accuracy': 0.903125, 'eval_f1_macro': 0.9015482104916351, 'eval_f1_weighted': 0.904043953840957, 'eval_precision_macro': 0.9081809589784071, 'eval_recall_macro': 0.8999679030693605, 'eval_runtime': 2.4139, 'eval_samples_per_second': 1988.488, 'eval_steps_per_second': 31.07, 'epoch': 42.0}

TIC-level validation metrics for checkpoint selection:
  eval_tic_meanprob_accuracy: 0.925926
  eval_tic_meanprob_f1_macro: 0.921788
  eval_tic_meanprob_f1_weighted: 0.927080
  eval_tic_meanprob_precision_macro: 0.933257
  eval_tic_meanprob_recall_macro: 0.918202
  eval_tic_count: 135
{'loss': 0.189, 'grad_norm': 4.5214972496032715, 'learning_rate': 3.3336941307453158e-06, 'epoch': 43.0}
{'eval_loss': 0.3720690608024597, 'eval_accuracy': 0.900625, 'eval_f1_macro': 0.8988932484491082, 'eval_f1_weighted': 0.9016948619565164, 'eval_precision_macro': 0.9074206672002353, 'eval_recall_macro': 0.896738448918172, 'eval_runtime': 2.4388, 'eval_samples_per_second': 1968.19, 'eval_steps_per_second': 30.753, 'epoch': 43.0}

TIC-level validation metrics for checkpoint selection:
  eval_tic_meanprob_accuracy: 0.918519
  eval_tic_meanprob_f1_macro: 0.916063
  eval_tic_meanprob_f1_weighted: 0.920010
  eval_tic_meanprob_precision_macro: 0.927281
  eval_tic_meanprob_recall_macro: 0.914087
  eval_tic_count: 135
{'loss': 0.1877, 'grad_norm': 32.270111083984375, 'learning_rate': 2.7221680895939113e-06, 'epoch': 44.0}
{'eval_loss': 0.35391220450401306, 'eval_accuracy': 0.8966666666666666, 'eval_f1_macro': 0.8966929749062845, 'eval_f1_weighted': 0.8979405253804779, 'eval_precision_macro': 0.9023550017090708, 'eval_recall_macro': 0.8984826928951065, 'eval_runtime': 2.4288, 'eval_samples_per_second': 1976.294, 'eval_steps_per_second': 30.88, 'epoch': 44.0}

TIC-level validation metrics for checkpoint selection:
  eval_tic_meanprob_accuracy: 0.925926
  eval_tic_meanprob_f1_macro: 0.922353
  eval_tic_meanprob_f1_weighted: 0.927340
  eval_tic_meanprob_precision_macro: 0.932995
  eval_tic_meanprob_recall_macro: 0.922634
  eval_tic_count: 135
{'loss': 0.1917, 'grad_norm': 45.770198822021484, 'learning_rate': 2.200535744791281e-06, 'epoch': 45.0}
{'eval_loss': 0.3581847548484802, 'eval_accuracy': 0.8945833333333333, 'eval_f1_macro': 0.8947905301021576, 'eval_f1_weighted': 0.8959864307529252, 'eval_precision_macro': 0.9015538914409126, 'eval_recall_macro': 0.8966143643107154, 'eval_runtime': 2.3833, 'eval_samples_per_second': 2013.993, 'eval_steps_per_second': 31.469, 'epoch': 45.0}

TIC-level validation metrics for checkpoint selection:
  eval_tic_meanprob_accuracy: 0.918519
  eval_tic_meanprob_f1_macro: 0.916667
  eval_tic_meanprob_f1_weighted: 0.920274
  eval_tic_meanprob_precision_macro: 0.927407
  eval_tic_meanprob_recall_macro: 0.918519
  eval_tic_count: 135
{'loss': 0.1858, 'grad_norm': 7.890688896179199, 'learning_rate': 1.7708557408912659e-06, 'epoch': 46.0}
{'eval_loss': 0.3789045810699463, 'eval_accuracy': 0.8954166666666666, 'eval_f1_macro': 0.8944907018777114, 'eval_f1_weighted': 0.8966922954444982, 'eval_precision_macro': 0.9044113084861053, 'eval_recall_macro': 0.893005203680493, 'eval_runtime': 2.425, 'eval_samples_per_second': 1979.414, 'eval_steps_per_second': 30.928, 'epoch': 46.0}

TIC-level validation metrics for checkpoint selection:
  eval_tic_meanprob_accuracy: 0.918519
  eval_tic_meanprob_f1_macro: 0.907113
  eval_tic_meanprob_f1_weighted: 0.919308
  eval_tic_meanprob_precision_macro: 0.928611
  eval_tic_meanprob_recall_macro: 0.900412
  eval_tic_count: 135
{'loss': 0.1895, 'grad_norm': 5.4149956703186035, 'learning_rate': 1.434823828567143e-06, 'epoch': 47.0}
{'eval_loss': 0.3693293035030365, 'eval_accuracy': 0.8958333333333334, 'eval_f1_macro': 0.8959323876380499, 'eval_f1_weighted': 0.897195075745893, 'eval_precision_macro': 0.903633824951117, 'eval_recall_macro': 0.8967314197931767, 'eval_runtime': 2.3751, 'eval_samples_per_second': 2021.003, 'eval_steps_per_second': 31.578, 'epoch': 47.0}

TIC-level validation metrics for checkpoint selection:
  eval_tic_meanprob_accuracy: 0.925926
  eval_tic_meanprob_f1_macro: 0.922353
  eval_tic_meanprob_f1_weighted: 0.927340
  eval_tic_meanprob_precision_macro: 0.932995
  eval_tic_meanprob_recall_macro: 0.922634
  eval_tic_count: 135
{'loss': 0.1862, 'grad_norm': 12.631708145141602, 'learning_rate': 1.1937661722584823e-06, 'epoch': 48.0}
{'eval_loss': 0.3797145485877991, 'eval_accuracy': 0.89125, 'eval_f1_macro': 0.8928305656586898, 'eval_f1_weighted': 0.8927827974970106, 'eval_precision_macro': 0.9025137951620777, 'eval_recall_macro': 0.8934174822460101, 'eval_runtime': 2.3727, 'eval_samples_per_second': 2023.022, 'eval_steps_per_second': 31.61, 'epoch': 48.0}

TIC-level validation metrics for checkpoint selection:
  eval_tic_meanprob_accuracy: 0.911111
  eval_tic_meanprob_f1_macro: 0.911027
  eval_tic_meanprob_f1_weighted: 0.913221
  eval_tic_meanprob_precision_macro: 0.922037
  eval_tic_meanprob_recall_macro: 0.914403
  eval_tic_count: 135
{'loss': 0.186, 'grad_norm': 6.1585187911987305, 'learning_rate': 1.0486341164059531e-06, 'epoch': 49.0}
{'eval_loss': 0.368151992559433, 'eval_accuracy': 0.894375, 'eval_f1_macro': 0.8948508023643872, 'eval_f1_weighted': 0.8957779552416713, 'eval_precision_macro': 0.9026057938184097, 'eval_recall_macro': 0.8957968406400397, 'eval_runtime': 2.7584, 'eval_samples_per_second': 1740.162, 'eval_steps_per_second': 27.19, 'epoch': 49.0}

TIC-level validation metrics for checkpoint selection:
  eval_tic_meanprob_accuracy: 0.925926
  eval_tic_meanprob_f1_macro: 0.922353
  eval_tic_meanprob_f1_weighted: 0.927340
  eval_tic_meanprob_precision_macro: 0.932995
  eval_tic_meanprob_recall_macro: 0.922634
  eval_tic_count: 135
{'loss': 0.1852, 'grad_norm': 5.253396034240723, 'learning_rate': 1.0000004309294836e-06, 'epoch': 50.0}
{'eval_loss': 0.3640037775039673, 'eval_accuracy': 0.89375, 'eval_f1_macro': 0.8941318857626489, 'eval_f1_weighted': 0.8951555474598547, 'eval_precision_macro': 0.9015552158430601, 'eval_recall_macro': 0.8954354383993458, 'eval_runtime': 2.8023, 'eval_samples_per_second': 1712.865, 'eval_steps_per_second': 26.764, 'epoch': 50.0}

TIC-level validation metrics for checkpoint selection:
  eval_tic_meanprob_accuracy: 0.925926
  eval_tic_meanprob_f1_macro: 0.922353
  eval_tic_meanprob_f1_weighted: 0.927340
  eval_tic_meanprob_precision_macro: 0.932995
  eval_tic_meanprob_recall_macro: 0.922634
  eval_tic_count: 135
{'train_runtime': 1198.3036, 'train_samples_per_second': 892.846, 'train_steps_per_second': 13.978, 'train_loss': 0.2621915251319088, 'epoch': 50.0}
Loaded best TIC-level model from /home/truepeak/PycharmProjects/bachelors-thesis/src/lightcurves/example_experiment/results/001_example_experiment/best_tic_model.pt at epoch=9.0 with tic_meanprob_f1_macro=0.9232319938856254
{'train_epoch': [1.0, 2.0, 3.0, 4.0, 5.0, 6.0, 7.0, 8.0, 9.0, 10.0, 11.0, 12.0, 13.0, 14.0, 15.0, 16.0, 17.0, 18.0, 19.0, 20.0, 21.0, 22.0, 23.0, 24.0, 25.0, 26.0, 27.0, 28.0, 29.0, 30.0, 31.0, 32.0, 33.0, 34.0, 35.0, 36.0, 37.0, 38.0, 39.0, 40.0, 41.0, 42.0, 43.0, 44.0, 45.0, 46.0, 47.0, 48.0, 49.0, 50.0], 'epoch': [1.0, 2.0, 3.0, 4.0, 5.0, 6.0, 7.0, 8.0, 9.0, 10.0, 11.0, 12.0, 13.0, 14.0, 15.0, 16.0, 17.0, 18.0, 19.0, 20.0, 21.0, 22.0, 23.0, 24.0, 25.0, 26.0, 27.0, 28.0, 29.0, 30.0, 31.0, 32.0, 33.0, 34.0, 35.0, 36.0, 37.0, 38.0, 39.0, 40.0, 41.0, 42.0, 43.0, 44.0, 45.0, 46.0, 47.0, 48.0, 49.0, 50.0], 'train_loss': [0.6075, 0.4766, 0.4332, 0.3981, 0.3765, 0.3607, 0.3479, 0.3314, 0.3259, 0.3219, 0.3168, 0.3093, 0.2987, 0.2924, 0.2832, 0.2781, 0.2783, 0.274, 0.2642, 0.2567, 0.2629, 0.2516, 0.245, 0.2442, 0.2385, 0.2309, 0.2291, 0.2253, 0.22, 0.2188, 0.2146, 0.211, 0.2085, 0.2071, 0.205, 0.2008, 0.1998, 0.1982, 0.196, 0.1918, 0.189, 0.1891, 0.189, 0.1877, 0.1917, 0.1858, 0.1895, 0.1862, 0.186, 0.1852], 'val_loss': [0.388403981924057, 0.4277012050151825, 0.35944706201553345, 0.3619515001773834, 0.31276071071624756, 0.30062198638916016, 0.31150496006011963, 0.2985354959964752, 0.28451666235923767, 0.30292847752571106, 0.3271326720714569, 0.3233545422554016, 0.31817179918289185, 0.3424932658672333, 0.32567763328552246, 0.3167721927165985, 0.3337235152721405, 0.30286771059036255, 0.30732229351997375, 0.31189674139022827, 0.34106752276420593, 0.3258380591869354, 0.31852295994758606, 0.31235915422439575, 0.3450290560722351, 0.37169718742370605, 0.3470347225666046, 0.31340569257736206, 0.34792283177375793, 0.32118332386016846, 0.3265847861766815, 0.34149786829948425, 0.37616658210754395, 0.3830690085887909, 0.3310668468475342, 0.3776867389678955, 0.33512935042381287, 0.3630196750164032, 0.3825863003730774, 0.35879743099212646, 0.37115123867988586, 0.35217395424842834, 0.3720690608024597, 0.35391220450401306, 0.3581847548484802, 0.3789045810699463, 0.3693293035030365, 0.3797145485877991, 0.368151992559433, 0.3640037775039673], 'val_accuracy': [0.8704166666666666, 0.8889583333333333, 0.8789583333333333, 0.8814583333333333, 0.883125, 0.8929166666666667, 0.8979166666666667, 0.8958333333333334, 0.891875, 0.901875, 0.88625, 0.8802083333333334, 0.8835416666666667, 0.8795833333333334, 0.8885416666666667, 0.8791666666666667, 0.8689583333333334, 0.91375, 0.9108333333333334, 0.908125, 0.8616666666666667, 0.8972916666666667, 0.889375, 0.8783333333333333, 0.9108333333333334, 0.906875, 0.9022916666666667, 0.8810416666666666, 0.8839583333333333, 0.895, 0.9054166666666666, 0.90125, 0.8858333333333334, 0.8989583333333333, 0.9052083333333333, 0.8872916666666667, 0.89875, 0.9027083333333333, 0.903125, 0.8995833333333333, 0.8958333333333334, 0.903125, 0.900625, 0.8966666666666666, 0.8945833333333333, 0.8954166666666666, 0.8958333333333334, 0.89125, 0.894375, 0.89375], 'val_f1_macro': [0.8738091288930817, 0.8859071671951345, 0.8558202904968013, 0.8865907932704374, 0.866935524637464, 0.895679495048712, 0.8985986092825011, 0.8965187132694838, 0.8819031103981613, 0.9072848425297133, 0.8941969186099638, 0.8918490273197616, 0.8943758893470871, 0.8878842724605368, 0.8956119970522263, 0.8881388199722512, 0.8843983244255981, 0.9151764157390206, 0.9067955528401876, 0.8992637413907622, 0.8750918305946525, 0.902696576068105, 0.8962263283934412, 0.885426131160506, 0.9085017982966036, 0.9039062238672187, 0.9024227222701943, 0.8736246151221222, 0.8912515499211201, 0.8983078551300671, 0.9038989993218974, 0.9023905053936353, 0.890429250204007, 0.8978482222423741, 0.90395137923189, 0.8899540406928786, 0.8976254342046383, 0.9019198205839846, 0.8990562953215065, 0.899219321011842, 0.8967702390491832, 0.9015482104916351, 0.8988932484491082, 0.8966929749062845, 0.8947905301021576, 0.8944907018777114, 0.8959323876380499, 0.8928305656586898, 0.8948508023643872, 0.8941318857626489], 'val_f1_weighted': [0.8722226954678391, 0.8877819063654101, 0.8787023170237939, 0.883546471832891, 0.8845354809961223, 0.8942519542747749, 0.8987583238676558, 0.8965211448734857, 0.8926822649497437, 0.902908156057418, 0.8880894546128514, 0.8824651278257526, 0.8856531564806804, 0.8817090614300799, 0.8902941746904761, 0.8810246748061078, 0.8715023647684569, 0.9141721156277852, 0.9110671722872659, 0.9084317440944799, 0.8642423336393915, 0.8984135088920117, 0.8910474374592338, 0.8801110227812887, 0.9110911139321, 0.9074292553291896, 0.9034008733354437, 0.882637258008308, 0.8858916507582154, 0.8964092616268222, 0.9061323313035069, 0.9023224943408475, 0.887644403450198, 0.9001381752211808, 0.9061160155443978, 0.8889711605524547, 0.8998946767888544, 0.9036676515719794, 0.9039239307531964, 0.9007460047320164, 0.897183385142127, 0.904043953840957, 0.9016948619565164, 0.8979405253804779, 0.8959864307529252, 0.8966922954444982, 0.897195075745893, 0.8927827974970106, 0.8957779552416713, 0.8951555474598547], 'val_precision_macro': [0.8798606597468321, 0.9159200363989854, 0.8446050292695856, 0.9018062073600825, 0.8427248006013306, 0.8889462356644814, 0.8976196579342867, 0.8885731114412962, 0.8635519109654896, 0.9064670562750335, 0.8999632167103023, 0.8998804460810147, 0.9019201162986157, 0.8968669387140965, 0.9008848648936011, 0.8844791429877646, 0.891343266706969, 0.9189835261274562, 0.9046337271916486, 0.8909940125134543, 0.88503337982686, 0.9003495553281256, 0.8962096749850638, 0.8795885594937564, 0.9130190851138722, 0.9179684674998742, 0.9111625809696181, 0.8574604522743948, 0.8978384932920536, 0.8964040757052786, 0.9024104966212119, 0.9064267301873526, 0.9004125127877637, 0.9113477059469749, 0.905701305663622, 0.9006709591250237, 0.8995543785812709, 0.909666927562158, 0.91185095819338, 0.9055057821504464, 0.905504224453618, 0.9081809589784071, 0.9074206672002353, 0.9023550017090708, 0.9015538914409126, 0.9044113084861053, 0.903633824951117, 0.9025137951620777, 0.9026057938184097, 0.9015552158430601], 'val_recall_macro': [0.872870267711463, 0.8622036563213484, 0.8720793871841451, 0.8847846742636595, 0.9001327951198271, 0.9081130376796352, 0.9016263025129109, 0.9063544092999768, 0.9045042683993444, 0.9122642529814312, 0.8988820412388764, 0.8988826656979704, 0.8996231499586043, 0.8928535061422046, 0.9002984900462719, 0.9057898365834505, 0.8972902209736229, 0.9124498602325984, 0.9091442894368228, 0.9082418675092274, 0.8859540862197485, 0.9101618134321171, 0.9067220387901563, 0.9049427378964534, 0.9045722192199662, 0.8943105868103869, 0.8997599551896558, 0.9001930079835155, 0.8972918760820252, 0.907177535761044, 0.9075487545987423, 0.9043109336961629, 0.8923764982646625, 0.8925054446488359, 0.9060764746462356, 0.8909793886802791, 0.9008899668616918, 0.8992704319513081, 0.8921510715331372, 0.899256164103165, 0.8965488052768076, 0.8999679030693605, 0.896738448918172, 0.8984826928951065, 0.8966143643107154, 0.893005203680493, 0.8967314197931767, 0.8934174822460101, 0.8957968406400397, 0.8954354383993458], 'val_tic_meanprob_accuracy': [0.8666666666666667, 0.9037037037037037, 0.8888888888888888, 0.8666666666666667, 0.9037037037037037, 0.9111111111111111, 0.9111111111111111, 0.9037037037037037, 0.9185185185185185, 0.9037037037037037, 0.9111111111111111, 0.8666666666666667, 0.8962962962962963, 0.8888888888888888, 0.9111111111111111, 0.8740740740740741, 0.8444444444444444, 0.9111111111111111, 0.9259259259259259, 0.9111111111111111, 0.8444444444444444, 0.8888888888888888, 0.9111111111111111, 0.8814814814814815, 0.9185185185185185, 0.9037037037037037, 0.9037037037037037, 0.9111111111111111, 0.8888888888888888, 0.9259259259259259, 0.9185185185185185, 0.9259259259259259, 0.9111111111111111, 0.9111111111111111, 0.9185185185185185, 0.8962962962962963, 0.9037037037037037, 0.9111111111111111, 0.9037037037037037, 0.9185185185185185, 0.9259259259259259, 0.9259259259259259, 0.9185185185185185, 0.9259259259259259, 0.9185185185185185, 0.9185185185185185, 0.9259259259259259, 0.9111111111111111, 0.9259259259259259, 0.9259259259259259], 'val_tic_meanprob_f1_macro': [0.8625410220346929, 0.8912475298017467, 0.8698412698412699, 0.865604181393655, 0.9022143776805738, 0.9103889683422498, 0.9089529727174647, 0.903254972875226, 0.9232319938856254, 0.9040378226424739, 0.9110268327056166, 0.8779926005489914, 0.8998738568274992, 0.8943547273982055, 0.9110268327056166, 0.8834168515019579, 0.8618669690098262, 0.9089529727174647, 0.9205198987807682, 0.8994164183340428, 0.8618669690098262, 0.8920123803844735, 0.9110268327056166, 0.8888699883503954, 0.9147067363530779, 0.8937862561356537, 0.9040378226424739, 0.9110268327056166, 0.8943547273982055, 0.9223528788601092, 0.9147067363530779, 0.9223528788601092, 0.9110268327056166, 0.9008487082846437, 0.9147067363530779, 0.8901960784313725, 0.903254972875226, 0.9089529727174647, 0.8937862561356537, 0.9160632649004743, 0.9223528788601092, 0.9217880782886403, 0.9160632649004743, 0.9223528788601092, 0.9166666666666666, 0.907112682974752, 0.9223528788601092, 0.9110268327056166, 0.9223528788601092, 0.9223528788601092], 'val_tic_meanprob_f1_weighted': [0.8691170495389905, 0.9030109857419093, 0.8880808080808081, 0.8705281722825583, 0.905306718736233, 0.9129566655484342, 0.9122675788508934, 0.9052240305404862, 0.9199074195808405, 0.9055995683902661, 0.9132208688718934, 0.8709798305287026, 0.899138021654578, 0.8921021394064872, 0.9132208688718934, 0.878026050366476, 0.8497732426303856, 0.9122675788508934, 0.9264243539605858, 0.9117739227094273, 0.8497732426303856, 0.8911889144447285, 0.9132208688718934, 0.8850658254208806, 0.919333139759969, 0.9043678417373197, 0.9055995683902661, 0.9132208688718934, 0.8921021394064872, 0.9273397249148083, 0.919333139759969, 0.9273397249148083, 0.9132208688718934, 0.9120243731609948, 0.919333139759969, 0.8981554103122731, 0.9052240305404862, 0.9122675788508934, 0.9043678417373197, 0.9200102223358038, 0.9273397249148083, 0.9270803523107758, 0.9200102223358038, 0.9273397249148083, 0.9202741702741704, 0.9193077250548514, 0.9273397249148083, 0.9132208688718934, 0.9273397249148083, 0.9273397249148083], 'val_tic_meanprob_precision_macro': [0.8870694522868435, 0.9247678018575852, 0.8899813636655742, 0.8897616468039004, 0.8964380648591175, 0.9215465465465466, 0.9222999222999223, 0.9160173160173161, 0.9264069264069265, 0.9157446808510638, 0.922037037037037, 0.8937590187590189, 0.9119047619047619, 0.9071187676601951, 0.922037037037037, 0.8980551786521936, 0.8817146444265088, 0.9222999222999223, 0.9357142857142856, 0.903757283504119, 0.8817146444265088, 0.9042080378250592, 0.922037037037037, 0.9025054466230937, 0.9288587969777254, 0.9182968929804374, 0.9157446808510638, 0.922037037037037, 0.9071187676601951, 0.9329954954954954, 0.9288587969777254, 0.9329954954954954, 0.922037037037037, 0.9230123180291153, 0.9288587969777254, 0.9123093681917211, 0.9160173160173161, 0.9222999222999223, 0.9182968929804374, 0.9272813238770685, 0.9329954954954954, 0.933257055682685, 0.9272813238770685, 0.9329954954954954, 0.927406579069984, 0.9286111111111112, 0.9329954954954954, 0.922037037037037, 0.9329954954954954, 0.9329954954954954], 'val_tic_meanprob_recall_macro': [0.849446027223805, 0.8655903767014879, 0.8529281418170308, 0.8627413738524851, 0.9106679328901551, 0.90997150997151, 0.9011079455523902, 0.8969927192149415, 0.9233301677746123, 0.9014245014245015, 0.91440329218107, 0.8897119341563786, 0.9061728395061728, 0.9020576131687242, 0.91440329218107, 0.8938271604938272, 0.8773662551440329, 0.9011079455523902, 0.9093383982272871, 0.8966761633428301, 0.8773662551440329, 0.8887622665400444, 0.91440329218107, 0.8979423868312758, 0.9052231718898387, 0.8788857233301677, 0.9014245014245015, 0.91440329218107, 0.9020576131687242, 0.922633744855967, 0.9052231718898387, 0.922633744855967, 0.91440329218107, 0.8918645140867363, 0.9052231718898387, 0.8880658436213992, 0.8969927192149415, 0.9011079455523902, 0.8788857233301677, 0.9140867363089585, 0.922633744855967, 0.9182019626464072, 0.9140867363089585, 0.922633744855967, 0.9185185185185185, 0.9004115226337449, 0.922633744855967, 0.91440329218107, 0.922633744855967, 0.922633744855967]}

============================================================
VAL METRICS
============================================================
segment_accuracy: 0.891875
segment_f1_macro: 0.881903
segment_f1_weighted: 0.892682
segment_precision_macro: 0.863552
segment_recall_macro: 0.904504
tic_meanprob_accuracy: 0.918519
tic_meanprob_f1_macro: 0.923232
tic_meanprob_f1_weighted: 0.919907
tic_meanprob_precision_macro: 0.926407
tic_meanprob_recall_macro: 0.923330
tic_count: 135

VAL TIC-level classification report, mean-prob aggregation:
              precision    recall  f1-score   support

   eclipsing       1.00      0.93      0.97        15
   pulsating       0.96      0.91      0.94        81
    rotating       0.82      0.92      0.87        39

    accuracy                           0.92       135
   macro avg       0.93      0.92      0.92       135
weighted avg       0.92      0.92      0.92       135

Skipping test evaluation because RUN_TEST_EVALUATION=False
Saved final best TIC-selected model package to: /home/truepeak/PycharmProjects/bachelors-thesis/src/lightcurves/example_experiment/results/001_example_experiment/best_model.pt
[1;34mwandb[0m: 
[1;34mwandb[0m: 🚀 View run [33mclear-dream-90[0m at: [34mhttps://wandb.ai/alex-mateides/huggingface/runs/eqnqrxmy[0m
[1;34mwandb[0m: Find logs at: [1;35mwandb/run-20260515_184713-eqnqrxmy/logs[0m
