/opt/amdgpu/share/libdrm/amdgpu.ids: No such file or directory
/opt/amdgpu/share/libdrm/amdgpu.ids: No such file or directory
INFO: torch.cuda.is_available(): True
INFO: torch.cuda.device_count(): 1
INFO: torch.version.cuda: None
INFO: cudnn_version: 3003000
INFO: CUDA_VISIBLE_DEVICES: 0
INFO: current_device: 0
INFO: device_name: AMD Radeon Graphics
Metadata target_length: 256
Metadata total_saved_segments: 113355
Found total NPZ files: 113355
Kept files: 113355
Unique TIC IDs kept: 3347
Enabled flux branches: ['2min', '8min', '32min', '128min']
USE_PHASE_BRANCH: True
USE_EXTRA_FEATURES_BRANCH: True
n_segments summary: min=2, median=46.0, max=52
Example file: 1102509698_seg0000.npz
2min flux shape: (256,) mask shape: (256,) patch_size: 16
8min flux shape: (256,) mask shape: (256,) patch_size: 16
32min flux shape: (256,) mask shape: (256,) patch_size: 16
128min flux shape: (256,) mask shape: (256,) patch_size: 16
phase folded flux shape: (256,) folded mask shape: (256,) patch_size: 16
Loaded 1000 records into memory...
Loaded 2000 records into memory...
Loaded 3000 records into memory...
Loaded 4000 records into memory...
Loaded 5000 records into memory...
Loaded 6000 records into memory...
Loaded 7000 records into memory...
Loaded 8000 records into memory...
Loaded 9000 records into memory...
Loaded 10000 records into memory...
Loaded 11000 records into memory...
Loaded 12000 records into memory...
Loaded 13000 records into memory...
Loaded 14000 records into memory...
Loaded 15000 records into memory...
Loaded 16000 records into memory...
Loaded 17000 records into memory...
Loaded 18000 records into memory...
Loaded 19000 records into memory...
Loaded 20000 records into memory...
Loaded 21000 records into memory...
Loaded 22000 records into memory...
Loaded 23000 records into memory...
Loaded 24000 records into memory...
Loaded 25000 records into memory...
Loaded 26000 records into memory...
Loaded 27000 records into memory...
Loaded 28000 records into memory...
Loaded 29000 records into memory...
Loaded 30000 records into memory...
Loaded 31000 records into memory...
Loaded 32000 records into memory...
Loaded 33000 records into memory...
Loaded 34000 records into memory...
Loaded 35000 records into memory...
Loaded 36000 records into memory...
Loaded 37000 records into memory...
Loaded 38000 records into memory...
Loaded 39000 records into memory...
Loaded 40000 records into memory...
Loaded 41000 records into memory...
Loaded 42000 records into memory...
Loaded 43000 records into memory...
Loaded 44000 records into memory...
Loaded 45000 records into memory...
Loaded 46000 records into memory...
Loaded 47000 records into memory...
Loaded 48000 records into memory...
Loaded 49000 records into memory...
Loaded 50000 records into memory...
Loaded 51000 records into memory...
Loaded 52000 records into memory...
Loaded 53000 records into memory...
Loaded 54000 records into memory...
Loaded 55000 records into memory...
Loaded 56000 records into memory...
Loaded 57000 records into memory...
Loaded 58000 records into memory...
Loaded 59000 records into memory...
Loaded 60000 records into memory...
Loaded 61000 records into memory...
Loaded 62000 records into memory...
Loaded 63000 records into memory...
Loaded 64000 records into memory...
Loaded 65000 records into memory...
Loaded 66000 records into memory...
Loaded 67000 records into memory...
Loaded 68000 records into memory...
Loaded 69000 records into memory...
Loaded 70000 records into memory...
Loaded 71000 records into memory...
Loaded 72000 records into memory...
Loaded 73000 records into memory...
Loaded 74000 records into memory...
Loaded 75000 records into memory...
Loaded 76000 records into memory...
Loaded 77000 records into memory...
Loaded 78000 records into memory...
Loaded 79000 records into memory...
Loaded 79359 records into memory.
Loaded 1000 records into memory...
Loaded 2000 records into memory...
Loaded 3000 records into memory...
Loaded 4000 records into memory...
Loaded 5000 records into memory...
Loaded 6000 records into memory...
Loaded 7000 records into memory...
Loaded 8000 records into memory...
Loaded 9000 records into memory...
Loaded 10000 records into memory...
Loaded 11000 records into memory...
Loaded 12000 records into memory...
Loaded 13000 records into memory...
Loaded 14000 records into memory...
Loaded 15000 records into memory...
Loaded 16000 records into memory...
Loaded 16910 records into memory.
TIC-level train class counts: {'non-variable': 1210, 'variable': 1132}
TIC-level class weights: [0.9677686 1.0344523]
Train files: 79359, Val files: 16910, Test files: 17086
Train TICs: 2342, Val TICs: 502, Test TICs: 503
Class names: ['non-variable', 'variable']
TIC-level class weights: tensor([0.9678, 1.0345])
USE_PATCH_EMBEDDING: True
PATCH_SIZE: {'2min': 16, '8min': 16, '32min': 16, '128min': 16, 'phase': 16}
MIN_VALID_POINTS_PER_PATCH: 1
MAX_POSITION_EMBEDDINGS: 256
BRANCH_ENCODER_TYPE: cnn
BACKBONE_MODEL_NAME: None
USE_LORA: True
LORA_R: 8
LORA_ALPHA: 16
LORA_DROPOUT: 0.1
USE_CLASS_SAMPLING: False
RUN_TEST_EVALUATION: False
LOAD_DATASET_IN_MEMORY: True
2min valid fraction: mean=0.9844, min=0.0117, p05=0.9883, median=1.0000
8min valid fraction: mean=0.9434, min=0.0039, p05=0.4414, median=1.0000
32min valid fraction: mean=0.8514, min=0.0039, p05=0.4336, median=1.0000
128min valid fraction: mean=0.7836, min=0.0039, p05=0.3434, median=0.8438
wandb: [wandb.login()] Loaded credentials for https://api.wandb.ai from /home/truepeak/.netrc.
wandb: Currently logged in as: alex-mateides to https://api.wandb.ai. Use `wandb login --relogin` to force relogin
wandb: Tracking run with wandb version 0.26.1
wandb: Run data is saved locally in /home/truepeak/PycharmProjects/bachelors-thesis/src/lightcurves/trainer/wandb/run-20260515_191234-j7jyyxj6
wandb: Run `wandb offline` to turn off syncing.
wandb: Syncing run sunny-violet-91
wandb: ⭐️ View project at https://wandb.ai/alex-mateides/huggingface
wandb: 🚀 View run at https://wandb.ai/alex-mateides/huggingface/runs/j7jyyxj6
{'loss': 0.4581, 'grad_norm': 4.333695888519287, 'learning_rate': 4.9951732765501593e-05, 'epoch': 1.0}
{'eval_loss': 0.346932977437973, 'eval_accuracy': 0.853163808397398, 'eval_f1_macro': 0.8528385405554173, 'eval_f1_weighted': 0.8529170958078203, 'eval_precision_macro': 0.8551216573483378, 'eval_recall_macro': 0.8527399391886789, 'eval_runtime': 8.4056, 'eval_samples_per_second': 2011.748, 'eval_steps_per_second': 31.527, 'epoch': 1.0}

TIC-level validation metrics for checkpoint selection:
  eval_tic_meanprob_accuracy: 0.878486
  eval_tic_meanprob_f1_macro: 0.877748
  eval_tic_meanprob_f1_weighted: 0.878051
  eval_tic_meanprob_precision_macro: 0.882350
  eval_tic_meanprob_recall_macro: 0.876901
  eval_tic_count: 502
Saved new best TIC-level model to /home/truepeak/PycharmProjects/bachelors-thesis/src/lightcurves/example_experiment/results/002_example_experiment/best_tic_model.pt with tic_meanprob_f1_macro=0.877748
{'loss': 0.3704, 'grad_norm': 1.8225538730621338, 'learning_rate': 4.980696574416427e-05, 'epoch': 2.0}
{'eval_loss': 0.3051866292953491, 'eval_accuracy': 0.8672383205204022, 'eval_f1_macro': 0.8672277334927261, 'eval_f1_weighted': 0.867241195143811, 'eval_precision_macro': 0.8672169296625818, 'eval_recall_macro': 0.8672487358978784, 'eval_runtime': 8.6905, 'eval_samples_per_second': 1945.794, 'eval_steps_per_second': 30.493, 'epoch': 2.0}

TIC-level validation metrics for checkpoint selection:
  eval_tic_meanprob_accuracy: 0.892430
  eval_tic_meanprob_f1_macro: 0.892321
  eval_tic_meanprob_f1_weighted: 0.892430
  eval_tic_meanprob_precision_macro: 0.892321
  eval_tic_meanprob_recall_macro: 0.892321
  eval_tic_count: 502
Saved new best TIC-level model to /home/truepeak/PycharmProjects/bachelors-thesis/src/lightcurves/example_experiment/results/002_example_experiment/best_tic_model.pt with tic_meanprob_f1_macro=0.892321
{'loss': 0.3358, 'grad_norm': 8.450934410095215, 'learning_rate': 4.956627023383117e-05, 'epoch': 3.0}
{'eval_loss': 0.29006829857826233, 'eval_accuracy': 0.874334713187463, 'eval_f1_macro': 0.8742597086822756, 'eval_f1_weighted': 0.874294577604784, 'eval_precision_macro': 0.8746485051466848, 'eval_recall_macro': 0.8741701008210814, 'eval_runtime': 9.068, 'eval_samples_per_second': 1864.808, 'eval_steps_per_second': 29.224, 'epoch': 3.0}

TIC-level validation metrics for checkpoint selection:
  eval_tic_meanprob_accuracy: 0.896414
  eval_tic_meanprob_f1_macro: 0.896091
  eval_tic_meanprob_f1_weighted: 0.896276
  eval_tic_meanprob_precision_macro: 0.897669
  eval_tic_meanprob_recall_macro: 0.895546
  eval_tic_count: 502
Saved new best TIC-level model to /home/truepeak/PycharmProjects/bachelors-thesis/src/lightcurves/example_experiment/results/002_example_experiment/best_tic_model.pt with tic_meanprob_f1_macro=0.896091
{'loss': 0.3248, 'grad_norm': 3.193305015563965, 'learning_rate': 4.9230596149717984e-05, 'epoch': 4.0}
{'eval_loss': 0.2921261787414551, 'eval_accuracy': 0.8723240685984625, 'eval_f1_macro': 0.8719155461286786, 'eval_f1_weighted': 0.8719976783948551, 'eval_precision_macro': 0.8756244457176754, 'eval_recall_macro': 0.8717952238854999, 'eval_runtime': 8.5836, 'eval_samples_per_second': 1970.041, 'eval_steps_per_second': 30.873, 'epoch': 4.0}

TIC-level validation metrics for checkpoint selection:
  eval_tic_meanprob_accuracy: 0.894422
  eval_tic_meanprob_f1_macro: 0.893907
  eval_tic_meanprob_f1_weighted: 0.894142
  eval_tic_meanprob_precision_macro: 0.897305
  eval_tic_meanprob_recall_macro: 0.893107
  eval_tic_count: 502
{'loss': 0.3143, 'grad_norm': 13.468350410461426, 'learning_rate': 4.8801268244079986e-05, 'epoch': 5.0}
{'eval_loss': 0.2807318866252899, 'eval_accuracy': 0.8749260792430514, 'eval_f1_macro': 0.8744128523924607, 'eval_f1_weighted': 0.87450400831782, 'eval_precision_macro': 0.8794141254282668, 'eval_recall_macro': 0.8743129563470531, 'eval_runtime': 8.7781, 'eval_samples_per_second': 1926.38, 'eval_steps_per_second': 30.189, 'epoch': 5.0}

TIC-level validation metrics for checkpoint selection:
  eval_tic_meanprob_accuracy: 0.888446
  eval_tic_meanprob_f1_macro: 0.887733
  eval_tic_meanprob_f1_weighted: 0.888019
  eval_tic_meanprob_precision_macro: 0.892799
  eval_tic_meanprob_recall_macro: 0.886807
  eval_tic_count: 502
{'loss': 0.3096, 'grad_norm': 5.949632167816162, 'learning_rate': 4.8279980878019646e-05, 'epoch': 6.0}
{'eval_loss': 0.27535298466682434, 'eval_accuracy': 0.8787699586043761, 'eval_f1_macro': 0.8785271659518614, 'eval_f1_weighted': 0.8785888275778968, 'eval_precision_macro': 0.8806462361592325, 'eval_recall_macro': 0.8783755808743382, 'eval_runtime': 8.999, 'eval_samples_per_second': 1879.106, 'eval_steps_per_second': 29.448, 'epoch': 6.0}

TIC-level validation metrics for checkpoint selection:
  eval_tic_meanprob_accuracy: 0.894422
  eval_tic_meanprob_f1_macro: 0.894018
  eval_tic_meanprob_f1_weighted: 0.894227
  eval_tic_meanprob_precision_macro: 0.896290
  eval_tic_meanprob_recall_macro: 0.893362
  eval_tic_count: 502
{'loss': 0.3026, 'grad_norm': 3.9881391525268555, 'learning_rate': 4.766879133461694e-05, 'epoch': 7.0}
{'eval_loss': 0.2799049913883209, 'eval_accuracy': 0.882909520993495, 'eval_f1_macro': 0.8829036241618249, 'eval_f1_weighted': 0.8828941892311529, 'eval_precision_macro': 0.8833047180929314, 'eval_recall_macro': 0.883103943491049, 'eval_runtime': 8.4579, 'eval_samples_per_second': 1999.304, 'eval_steps_per_second': 31.331, 'epoch': 7.0}

TIC-level validation metrics for checkpoint selection:
  eval_tic_meanprob_accuracy: 0.894422
  eval_tic_meanprob_f1_macro: 0.894402
  eval_tic_meanprob_f1_weighted: 0.894449
  eval_tic_meanprob_precision_macro: 0.894492
  eval_tic_meanprob_recall_macro: 0.894887
  eval_tic_count: 502
{'loss': 0.2985, 'grad_norm': 2.5700395107269287, 'learning_rate': 4.697011169977395e-05, 'epoch': 8.0}
{'eval_loss': 0.274682879447937, 'eval_accuracy': 0.8783560023654642, 'eval_f1_macro': 0.8779829614341195, 'eval_f1_weighted': 0.878059564491679, 'eval_precision_macro': 0.881549712767612, 'eval_recall_macro': 0.8778413661224562, 'eval_runtime': 8.6167, 'eval_samples_per_second': 1962.461, 'eval_steps_per_second': 30.754, 'epoch': 8.0}

TIC-level validation metrics for checkpoint selection:
  eval_tic_meanprob_accuracy: 0.888446
  eval_tic_meanprob_f1_macro: 0.887932
  eval_tic_meanprob_f1_weighted: 0.888174
  eval_tic_meanprob_precision_macro: 0.890991
  eval_tic_meanprob_recall_macro: 0.887189
  eval_tic_count: 502
{'loss': 0.2929, 'grad_norm': 1.318928837776184, 'learning_rate': 4.618669934281295e-05, 'epoch': 9.0}
{'eval_loss': 0.2730863094329834, 'eval_accuracy': 0.8836782968657599, 'eval_f1_macro': 0.8836281579513476, 'eval_f1_weighted': 0.883655584366069, 'eval_precision_macro': 0.8838562347735992, 'eval_recall_macro': 0.8835565245151821, 'eval_runtime': 8.975, 'eval_samples_per_second': 1884.113, 'eval_steps_per_second': 29.526, 'epoch': 9.0}

TIC-level validation metrics for checkpoint selection:
  eval_tic_meanprob_accuracy: 0.898406
  eval_tic_meanprob_f1_macro: 0.898228
  eval_tic_meanprob_f1_weighted: 0.898364
  eval_tic_meanprob_precision_macro: 0.898650
  eval_tic_meanprob_recall_macro: 0.897985
  eval_tic_count: 502
Saved new best TIC-level model to /home/truepeak/PycharmProjects/bachelors-thesis/src/lightcurves/example_experiment/results/002_example_experiment/best_tic_model.pt with tic_meanprob_f1_macro=0.898228
{'loss': 0.2892, 'grad_norm': 2.6478066444396973, 'learning_rate': 4.532164603439955e-05, 'epoch': 10.0}
{'eval_loss': 0.26486656069755554, 'eval_accuracy': 0.881785925487877, 'eval_f1_macro': 0.8815670212047232, 'eval_f1_weighted': 0.8816248336151297, 'eval_precision_macro': 0.8834982086645807, 'eval_recall_macro': 0.8814114111975648, 'eval_runtime': 8.5527, 'eval_samples_per_second': 1977.15, 'eval_steps_per_second': 30.984, 'epoch': 10.0}

TIC-level validation metrics for checkpoint selection:
  eval_tic_meanprob_accuracy: 0.896414
  eval_tic_meanprob_f1_macro: 0.895992
  eval_tic_meanprob_f1_weighted: 0.896203
  eval_tic_meanprob_precision_macro: 0.898534
  eval_tic_meanprob_recall_macro: 0.895292
  eval_tic_count: 502
{'loss': 0.2852, 'grad_norm': 1.5788500308990479, 'learning_rate': 4.4378365744736954e-05, 'epoch': 11.0}
{'eval_loss': 0.26426124572753906, 'eval_accuracy': 0.8860437610881136, 'eval_f1_macro': 0.8859717327872949, 'eval_f1_weighted': 0.8860042726314294, 'eval_precision_macro': 0.886407927599327, 'eval_recall_macro': 0.8858725999841434, 'eval_runtime': 9.0856, 'eval_samples_per_second': 1861.179, 'eval_steps_per_second': 29.167, 'epoch': 11.0}

TIC-level validation metrics for checkpoint selection:
  eval_tic_meanprob_accuracy: 0.898406
  eval_tic_meanprob_f1_macro: 0.898193
  eval_tic_meanprob_f1_weighted: 0.898341
  eval_tic_meanprob_precision_macro: 0.898879
  eval_tic_meanprob_recall_macro: 0.897858
  eval_tic_count: 502
{'loss': 0.2851, 'grad_norm': 6.176702976226807, 'learning_rate': 4.336058117018508e-05, 'epoch': 12.0}
{'eval_loss': 0.2796282470226288, 'eval_accuracy': 0.8831460674157303, 'eval_f1_macro': 0.8831251912576746, 'eval_f1_weighted': 0.8831429267547839, 'eval_precision_macro': 0.8831493578610643, 'eval_recall_macro': 0.8831081685785864, 'eval_runtime': 9.097, 'eval_samples_per_second': 1858.849, 'eval_steps_per_second': 29.13, 'epoch': 12.0}

TIC-level validation metrics for checkpoint selection:
  eval_tic_meanprob_accuracy: 0.896414
  eval_tic_meanprob_f1_macro: 0.896250
  eval_tic_meanprob_f1_weighted: 0.896381
  eval_tic_meanprob_precision_macro: 0.896559
  eval_tic_meanprob_recall_macro: 0.896055
  eval_tic_count: 502
{'loss': 0.2817, 'grad_norm': 6.425339698791504, 'learning_rate': 4.2272309041477824e-05, 'epoch': 13.0}
{'eval_loss': 0.3061494827270508, 'eval_accuracy': 0.8707273802483737, 'eval_f1_macro': 0.8703921517065585, 'eval_f1_weighted': 0.8703173099855952, 'eval_precision_macro': 0.8761785954983492, 'eval_recall_macro': 0.8714171694882253, 'eval_runtime': 8.712, 'eval_samples_per_second': 1941.001, 'eval_steps_per_second': 30.418, 'epoch': 13.0}

TIC-level validation metrics for checkpoint selection:
  eval_tic_meanprob_accuracy: 0.890438
  eval_tic_meanprob_f1_macro: 0.890340
  eval_tic_meanprob_f1_weighted: 0.890236
  eval_tic_meanprob_precision_macro: 0.895217
  eval_tic_meanprob_recall_macro: 0.892297
  eval_tic_count: 502
{'loss': 0.2765, 'grad_norm': 8.383325576782227, 'learning_rate': 4.111784427152313e-05, 'epoch': 14.0}
{'eval_loss': 0.2621915638446808, 'eval_accuracy': 0.8868125369603784, 'eval_f1_macro': 0.8866581992431091, 'eval_f1_weighted': 0.8867056877714996, 'eval_precision_macro': 0.8879710144785068, 'eval_recall_macro': 0.8865078390973065, 'eval_runtime': 8.7016, 'eval_samples_per_second': 1943.32, 'eval_steps_per_second': 30.454, 'epoch': 14.0}

TIC-level validation metrics for checkpoint selection:
  eval_tic_meanprob_accuracy: 0.898406
  eval_tic_meanprob_f1_macro: 0.898066
  eval_tic_meanprob_f1_weighted: 0.898254
  eval_tic_meanprob_precision_macro: 0.899872
  eval_tic_meanprob_recall_macro: 0.897477
  eval_tic_count: 502
{'loss': 0.2743, 'grad_norm': 2.46157169342041, 'learning_rate': 3.990174300534291e-05, 'epoch': 15.0}
{'eval_loss': 0.2616744339466095, 'eval_accuracy': 0.8863985807214666, 'eval_f1_macro': 0.8863390493347563, 'eval_f1_weighted': 0.8863685842863025, 'eval_precision_macro': 0.886661213811132, 'eval_recall_macro': 0.8862529837757058, 'eval_runtime': 8.7496, 'eval_samples_per_second': 1932.657, 'eval_steps_per_second': 30.287, 'epoch': 15.0}

TIC-level validation metrics for checkpoint selection:
  eval_tic_meanprob_accuracy: 0.900398
  eval_tic_meanprob_f1_macro: 0.900131
  eval_tic_meanprob_f1_weighted: 0.900295
  eval_tic_meanprob_precision_macro: 0.901319
  eval_tic_meanprob_recall_macro: 0.899662
  eval_tic_count: 502
Saved new best TIC-level model to /home/truepeak/PycharmProjects/bachelors-thesis/src/lightcurves/example_experiment/results/002_example_experiment/best_tic_model.pt with tic_meanprob_f1_macro=0.900131
{'loss': 0.2728, 'grad_norm': 2.056485414505005, 'learning_rate': 3.862880463905122e-05, 'epoch': 16.0}
{'eval_loss': 0.26395803689956665, 'eval_accuracy': 0.8879361324659965, 'eval_f1_macro': 0.8878542241296769, 'eval_f1_weighted': 0.8878886363847608, 'eval_precision_macro': 0.8884017961367723, 'eval_recall_macro': 0.8877437261682154, 'eval_runtime': 8.7083, 'eval_samples_per_second': 1941.822, 'eval_steps_per_second': 30.431, 'epoch': 16.0}

TIC-level validation metrics for checkpoint selection:
  eval_tic_meanprob_accuracy: 0.904382
  eval_tic_meanprob_f1_macro: 0.904084
  eval_tic_meanprob_f1_weighted: 0.904255
  eval_tic_meanprob_precision_macro: 0.905688
  eval_tic_meanprob_recall_macro: 0.903523
  eval_tic_count: 502
Saved new best TIC-level model to /home/truepeak/PycharmProjects/bachelors-thesis/src/lightcurves/example_experiment/results/002_example_experiment/best_tic_model.pt with tic_meanprob_f1_macro=0.904084
{'loss': 0.27, 'grad_norm': 5.561595916748047, 'learning_rate': 3.730405287882956e-05, 'epoch': 17.0}
{'eval_loss': 0.2638360559940338, 'eval_accuracy': 0.8848018923713779, 'eval_f1_macro': 0.8845486349268934, 'eval_f1_weighted': 0.8846100306710107, 'eval_precision_macro': 0.8869566891549013, 'eval_recall_macro': 0.8843841170341413, 'eval_runtime': 8.5034, 'eval_samples_per_second': 1988.616, 'eval_steps_per_second': 31.164, 'epoch': 17.0}

TIC-level validation metrics for checkpoint selection:
  eval_tic_meanprob_accuracy: 0.902390
  eval_tic_meanprob_f1_macro: 0.901857
  eval_tic_meanprob_f1_weighted: 0.902088
  eval_tic_meanprob_precision_macro: 0.905968
  eval_tic_meanprob_recall_macro: 0.900957
  eval_tic_count: 502
{'loss': 0.2675, 'grad_norm': 2.7704691886901855, 'learning_rate': 3.5932715914653996e-05, 'epoch': 18.0}
{'eval_loss': 0.27457553148269653, 'eval_accuracy': 0.886989946777055, 'eval_f1_macro': 0.8869827435835447, 'eval_f1_weighted': 0.886992988125426, 'eval_precision_macro': 0.8869719936506288, 'eval_recall_macro': 0.8870136534263382, 'eval_runtime': 8.7026, 'eval_samples_per_second': 1943.092, 'eval_steps_per_second': 30.451, 'epoch': 18.0}

TIC-level validation metrics for checkpoint selection:
  eval_tic_meanprob_accuracy: 0.900398
  eval_tic_meanprob_f1_macro: 0.900270
  eval_tic_meanprob_f1_weighted: 0.900384
  eval_tic_meanprob_precision_macro: 0.900399
  eval_tic_meanprob_recall_macro: 0.900170
  eval_tic_count: 502
{'loss': 0.2644, 'grad_norm': 6.026013374328613, 'learning_rate': 3.452020578701765e-05, 'epoch': 19.0}
{'eval_loss': 0.26370012760162354, 'eval_accuracy': 0.8865168539325843, 'eval_f1_macro': 0.8862804489218061, 'eval_f1_weighted': 0.8863393202085369, 'eval_precision_macro': 0.8885399978037882, 'eval_recall_macro': 0.8861134019930578, 'eval_runtime': 9.4471, 'eval_samples_per_second': 1789.966, 'eval_steps_per_second': 28.051, 'epoch': 19.0}

TIC-level validation metrics for checkpoint selection:
  eval_tic_meanprob_accuracy: 0.894422
  eval_tic_meanprob_f1_macro: 0.893964
  eval_tic_meanprob_f1_weighted: 0.894186
  eval_tic_meanprob_precision_macro: 0.896771
  eval_tic_meanprob_recall_macro: 0.893235
  eval_tic_count: 502
{'loss': 0.2625, 'grad_norm': 3.0082147121429443, 'learning_rate': 3.307209702807988e-05, 'epoch': 20.0}
{'eval_loss': 0.26914626359939575, 'eval_accuracy': 0.8859846244825547, 'eval_f1_macro': 0.8859832831474121, 'eval_f1_weighted': 0.8859788428655607, 'eval_precision_macro': 0.8862161560416969, 'eval_recall_macro': 0.8861378081692459, 'eval_runtime': 8.3906, 'eval_samples_per_second': 2015.355, 'eval_steps_per_second': 31.583, 'epoch': 20.0}

TIC-level validation metrics for checkpoint selection:
  eval_tic_meanprob_accuracy: 0.900398
  eval_tic_meanprob_f1_macro: 0.900384
  eval_tic_meanprob_f1_weighted: 0.900422
  eval_tic_meanprob_precision_macro: 0.900551
  eval_tic_meanprob_recall_macro: 0.900933
  eval_tic_count: 502
{'loss': 0.2611, 'grad_norm': 3.7020223140716553, 'learning_rate': 3.159410466153437e-05, 'epoch': 21.0}
{'eval_loss': 0.27006441354751587, 'eval_accuracy': 0.8875221762270845, 'eval_f1_macro': 0.8875212699402653, 'eval_f1_weighted': 0.8875248950875427, 'eval_precision_macro': 0.8875668969876793, 'eval_recall_macro': 0.8876043752264426, 'eval_runtime': 8.5847, 'eval_samples_per_second': 1969.792, 'eval_steps_per_second': 30.869, 'epoch': 21.0}

TIC-level validation metrics for checkpoint selection:
  eval_tic_meanprob_accuracy: 0.898406
  eval_tic_meanprob_f1_macro: 0.898358
  eval_tic_meanprob_f1_weighted: 0.898429
  eval_tic_meanprob_precision_macro: 0.898273
  eval_tic_meanprob_recall_macro: 0.898621
  eval_tic_count: 502
{'loss': 0.2584, 'grad_norm': 2.8118858337402344, 'learning_rate': 3.0092061648020235e-05, 'epoch': 22.0}
{'eval_loss': 0.26514267921447754, 'eval_accuracy': 0.8890597279716145, 'eval_f1_macro': 0.8888328062108265, 'eval_f1_weighted': 0.8888898336690351, 'eval_precision_macro': 0.8910521574777852, 'eval_recall_macro': 0.8886613046575056, 'eval_runtime': 8.4575, 'eval_samples_per_second': 1999.414, 'eval_steps_per_second': 31.333, 'epoch': 22.0}

TIC-level validation metrics for checkpoint selection:
  eval_tic_meanprob_accuracy: 0.900398
  eval_tic_meanprob_f1_macro: 0.899884
  eval_tic_meanprob_f1_weighted: 0.900112
  eval_tic_meanprob_precision_macro: 0.903644
  eval_tic_meanprob_recall_macro: 0.899026
  eval_tic_count: 502
{'loss': 0.2549, 'grad_norm': 2.7237348556518555, 'learning_rate': 2.857189586509606e-05, 'epoch': 23.0}
{'eval_loss': 0.2762046456336975, 'eval_accuracy': 0.884387936132466, 'eval_f1_macro': 0.8842895850658237, 'eval_f1_weighted': 0.8843278881181469, 'eval_precision_macro': 0.8849701222844724, 'eval_recall_macro': 0.8841708970122462, 'eval_runtime': 8.9564, 'eval_samples_per_second': 1888.036, 'eval_steps_per_second': 29.588, 'epoch': 23.0}

TIC-level validation metrics for checkpoint selection:
  eval_tic_meanprob_accuracy: 0.898406
  eval_tic_meanprob_f1_macro: 0.898112
  eval_tic_meanprob_f1_weighted: 0.898286
  eval_tic_meanprob_precision_macro: 0.899489
  eval_tic_meanprob_recall_macro: 0.897604
  eval_tic_count: 502
{'loss': 0.2534, 'grad_norm': 4.901169300079346, 'learning_rate': 2.7039606712608145e-05, 'epoch': 24.0}
{'eval_loss': 0.2689262628555298, 'eval_accuracy': 0.8878769958604376, 'eval_f1_macro': 0.8878238696453058, 'eval_f1_weighted': 0.887851587670592, 'eval_precision_macro': 0.8880960131637581, 'eval_recall_macro': 0.887744348739061, 'eval_runtime': 8.9274, 'eval_samples_per_second': 1894.168, 'eval_steps_per_second': 29.684, 'epoch': 24.0}

TIC-level validation metrics for checkpoint selection:
  eval_tic_meanprob_accuracy: 0.894422
  eval_tic_meanprob_f1_macro: 0.894160
  eval_tic_meanprob_f1_weighted: 0.894328
  eval_tic_meanprob_precision_macro: 0.895156
  eval_tic_meanprob_recall_macro: 0.893743
  eval_tic_count: 502
{'loss': 0.2514, 'grad_norm': 11.049774169921875, 'learning_rate': 2.550124143580492e-05, 'epoch': 25.0}
{'eval_loss': 0.26893872022628784, 'eval_accuracy': 0.8890597279716145, 'eval_f1_macro': 0.8887501701020012, 'eval_f1_weighted': 0.8888168013923216, 'eval_precision_macro': 0.8919996919273143, 'eval_recall_macro': 0.8885753479097267, 'eval_runtime': 9.0975, 'eval_samples_per_second': 1858.752, 'eval_steps_per_second': 29.129, 'epoch': 25.0}

TIC-level validation metrics for checkpoint selection:
  eval_tic_meanprob_accuracy: 0.900398
  eval_tic_meanprob_f1_macro: 0.899824
  eval_tic_meanprob_f1_weighted: 0.900066
  eval_tic_meanprob_precision_macro: 0.904269
  eval_tic_meanprob_recall_macro: 0.898899
  eval_tic_count: 502
{'loss': 0.2479, 'grad_norm': 2.8706157207489014, 'learning_rate': 2.396287125962177e-05, 'epoch': 26.0}
{'eval_loss': 0.2649434208869934, 'eval_accuracy': 0.8884683619160261, 'eval_f1_macro': 0.88834060037816, 'eval_f1_weighted': 0.8883834853698913, 'eval_precision_macro': 0.8893828889570987, 'eval_recall_macro': 0.8881987974757313, 'eval_runtime': 8.6742, 'eval_samples_per_second': 1949.468, 'eval_steps_per_second': 30.551, 'epoch': 26.0}

TIC-level validation metrics for checkpoint selection:
  eval_tic_meanprob_accuracy: 0.902390
  eval_tic_meanprob_f1_macro: 0.902107
  eval_tic_meanprob_f1_weighted: 0.902275
  eval_tic_meanprob_precision_macro: 0.903496
  eval_tic_meanprob_recall_macro: 0.901592
  eval_tic_count: 502
{'loss': 0.2475, 'grad_norm': 5.1485700607299805, 'learning_rate': 2.2430567428329523e-05, 'epoch': 27.0}
{'eval_loss': 0.293570876121521, 'eval_accuracy': 0.8804849201655824, 'eval_f1_macro': 0.8804020961324333, 'eval_f1_weighted': 0.8803663608192542, 'eval_precision_macro': 0.8824138473696731, 'eval_recall_macro': 0.8808972796018413, 'eval_runtime': 8.7114, 'eval_samples_per_second': 1941.141, 'eval_steps_per_second': 30.42, 'epoch': 27.0}

TIC-level validation metrics for checkpoint selection:
  eval_tic_meanprob_accuracy: 0.898406
  eval_tic_meanprob_f1_macro: 0.898396
  eval_tic_meanprob_f1_weighted: 0.898364
  eval_tic_meanprob_precision_macro: 0.900306
  eval_tic_meanprob_recall_macro: 0.899638
  eval_tic_count: 502
{'loss': 0.245, 'grad_norm': 8.83871078491211, 'learning_rate': 2.0910377245107306e-05, 'epoch': 28.0}
{'eval_loss': 0.27293917536735535, 'eval_accuracy': 0.8895328208160852, 'eval_f1_macro': 0.8894579787894854, 'eval_f1_weighted': 0.8894906371283653, 'eval_precision_macro': 0.8899473409130438, 'eval_recall_macro': 0.8893520365180752, 'eval_runtime': 8.4097, 'eval_samples_per_second': 2010.777, 'eval_steps_per_second': 31.511, 'epoch': 28.0}

TIC-level validation metrics for checkpoint selection:
  eval_tic_meanprob_accuracy: 0.902390
  eval_tic_meanprob_f1_macro: 0.902148
  eval_tic_meanprob_f1_weighted: 0.902303
  eval_tic_meanprob_precision_macro: 0.903160
  eval_tic_meanprob_recall_macro: 0.901719
  eval_tic_count: 502
{'loss': 0.244, 'grad_norm': 4.456853866577148, 'learning_rate': 1.9408300206099452e-05, 'epoch': 29.0}
{'eval_loss': 0.271217942237854, 'eval_accuracy': 0.8894736842105263, 'eval_f1_macro': 0.8894629033412402, 'eval_f1_weighted': 0.889475298113114, 'eval_precision_macro': 0.889453474038997, 'eval_recall_macro': 0.889476221913853, 'eval_runtime': 8.852, 'eval_samples_per_second': 1910.31, 'eval_steps_per_second': 29.937, 'epoch': 29.0}

TIC-level validation metrics for checkpoint selection:
  eval_tic_meanprob_accuracy: 0.900398
  eval_tic_meanprob_f1_macro: 0.900321
  eval_tic_meanprob_f1_weighted: 0.900409
  eval_tic_meanprob_precision_macro: 0.900246
  eval_tic_meanprob_recall_macro: 0.900424
  eval_tic_count: 502
{'loss': 0.2399, 'grad_norm': 5.393477439880371, 'learning_rate': 1.7930264323145246e-05, 'epoch': 30.0}
{'eval_loss': 0.27286848425865173, 'eval_accuracy': 0.8901241868716736, 'eval_f1_macro': 0.890109723301348, 'eval_f1_weighted': 0.8901240377627012, 'eval_precision_macro': 0.8901107945682596, 'eval_recall_macro': 0.8901086769461555, 'eval_runtime': 8.7137, 'eval_samples_per_second': 1940.629, 'eval_steps_per_second': 30.412, 'epoch': 30.0}

TIC-level validation metrics for checkpoint selection:
  eval_tic_meanprob_accuracy: 0.900398
  eval_tic_meanprob_f1_macro: 0.900270
  eval_tic_meanprob_f1_weighted: 0.900384
  eval_tic_meanprob_precision_macro: 0.900399
  eval_tic_meanprob_recall_macro: 0.900170
  eval_tic_count: 502
{'loss': 0.2392, 'grad_norm': 6.2246413230896, 'learning_rate': 1.6482102728624322e-05, 'epoch': 31.0}
{'eval_loss': 0.26621487736701965, 'eval_accuracy': 0.890360733293909, 'eval_f1_macro': 0.8902830349793662, 'eval_f1_weighted': 0.8903161862602377, 'eval_precision_macro': 0.8908081223222948, 'eval_recall_macro': 0.8901733403719747, 'eval_runtime': 8.4553, 'eval_samples_per_second': 1999.939, 'eval_steps_per_second': 31.341, 'epoch': 31.0}

TIC-level validation metrics for checkpoint selection:
  eval_tic_meanprob_accuracy: 0.900398
  eval_tic_meanprob_f1_macro: 0.900170
  eval_tic_meanprob_f1_weighted: 0.900322
  eval_tic_meanprob_precision_macro: 0.901012
  eval_tic_meanprob_recall_macro: 0.899789
  eval_tic_count: 502
{'loss': 0.2368, 'grad_norm': 4.185781002044678, 'learning_rate': 1.506953065474742e-05, 'epoch': 32.0}
{'eval_loss': 0.26844722032546997, 'eval_accuracy': 0.8898285038438793, 'eval_f1_macro': 0.8897921791510166, 'eval_f1_weighted': 0.8898148968742402, 'eval_precision_macro': 0.8899296698783121, 'eval_recall_macro': 0.8897370721030355, 'eval_runtime': 8.5041, 'eval_samples_per_second': 1988.445, 'eval_steps_per_second': 31.161, 'epoch': 32.0}

TIC-level validation metrics for checkpoint selection:
  eval_tic_meanprob_accuracy: 0.900398
  eval_tic_meanprob_f1_macro: 0.900270
  eval_tic_meanprob_f1_weighted: 0.900384
  eval_tic_meanprob_precision_macro: 0.900399
  eval_tic_meanprob_recall_macro: 0.900170
  eval_tic_count: 502
{'loss': 0.2337, 'grad_norm': 2.668606758117676, 'learning_rate': 1.3698122878148835e-05, 'epoch': 33.0}
{'eval_loss': 0.2677256166934967, 'eval_accuracy': 0.8912477823772915, 'eval_f1_macro': 0.8911507043004105, 'eval_f1_weighted': 0.8911876131930069, 'eval_precision_macro': 0.8918901896226661, 'eval_recall_macro': 0.8910235692870776, 'eval_runtime': 8.8281, 'eval_samples_per_second': 1915.465, 'eval_steps_per_second': 30.018, 'epoch': 33.0}

TIC-level validation metrics for checkpoint selection:
  eval_tic_meanprob_accuracy: 0.900398
  eval_tic_meanprob_f1_macro: 0.900131
  eval_tic_meanprob_f1_weighted: 0.900295
  eval_tic_meanprob_precision_macro: 0.901319
  eval_tic_meanprob_recall_macro: 0.899662
  eval_tic_count: 502
{'loss': 0.2329, 'grad_norm': 4.30252742767334, 'learning_rate': 1.2373291718785341e-05, 'epoch': 34.0}
{'eval_loss': 0.2737995386123657, 'eval_accuracy': 0.887344766410408, 'eval_f1_macro': 0.8873357827633154, 'eval_f1_weighted': 0.8873472056788239, 'eval_precision_macro': 0.8873242264003134, 'eval_recall_macro': 0.8873577742149314, 'eval_runtime': 8.6987, 'eval_samples_per_second': 1943.971, 'eval_steps_per_second': 30.464, 'epoch': 34.0}

TIC-level validation metrics for checkpoint selection:
  eval_tic_meanprob_accuracy: 0.900398
  eval_tic_meanprob_f1_macro: 0.900297
  eval_tic_meanprob_f1_weighted: 0.900398
  eval_tic_meanprob_precision_macro: 0.900297
  eval_tic_meanprob_recall_macro: 0.900297
  eval_tic_count: 502
{'loss': 0.232, 'grad_norm': 2.1702096462249756, 'learning_rate': 1.1100265679985226e-05, 'epoch': 35.0}
{'eval_loss': 0.2702132761478424, 'eval_accuracy': 0.8901241868716736, 'eval_f1_macro': 0.8900813046494153, 'eval_f1_weighted': 0.8901059555077194, 'eval_precision_macro': 0.8902736218080651, 'eval_recall_macro': 0.8900146617532723, 'eval_runtime': 8.8964, 'eval_samples_per_second': 1900.765, 'eval_steps_per_second': 29.787, 'epoch': 35.0}

TIC-level validation metrics for checkpoint selection:
  eval_tic_meanprob_accuracy: 0.902390
  eval_tic_meanprob_f1_macro: 0.902250
  eval_tic_meanprob_f1_weighted: 0.902368
  eval_tic_meanprob_precision_macro: 0.902465
  eval_tic_meanprob_recall_macro: 0.902101
  eval_tic_count: 502
{'loss': 0.2292, 'grad_norm': 4.6128740310668945, 'learning_rate': 9.884068813933378e-06, 'epoch': 36.0}
{'eval_loss': 0.27358078956604004, 'eval_accuracy': 0.8904198698994678, 'eval_f1_macro': 0.8903773588806813, 'eval_f1_weighted': 0.8904018697383601, 'eval_precision_macro': 0.8905676140854311, 'eval_recall_macro': 0.8903110544420856, 'eval_runtime': 8.6386, 'eval_samples_per_second': 1957.491, 'eval_steps_per_second': 30.676, 'epoch': 36.0}

TIC-level validation metrics for checkpoint selection:
  eval_tic_meanprob_accuracy: 0.900398
  eval_tic_meanprob_f1_macro: 0.900240
  eval_tic_meanprob_f1_weighted: 0.900367
  eval_tic_meanprob_precision_macro: 0.900552
  eval_tic_meanprob_recall_macro: 0.900043
  eval_tic_count: 502
{'loss': 0.2278, 'grad_norm': 5.234249114990234, 'learning_rate': 8.729500894032591e-06, 'epoch': 37.0}
{'eval_loss': 0.2754005491733551, 'eval_accuracy': 0.8902424600827913, 'eval_f1_macro': 0.8902110547453679, 'eval_f1_weighted': 0.8902321380488128, 'eval_precision_macro': 0.890311986863711, 'eval_recall_macro': 0.8901651839943778, 'eval_runtime': 8.6461, 'eval_samples_per_second': 1955.79, 'eval_steps_per_second': 30.65, 'epoch': 37.0}

TIC-level validation metrics for checkpoint selection:
  eval_tic_meanprob_accuracy: 0.900398
  eval_tic_meanprob_f1_macro: 0.900240
  eval_tic_meanprob_f1_weighted: 0.900367
  eval_tic_meanprob_precision_macro: 0.900552
  eval_tic_meanprob_recall_macro: 0.900043
  eval_tic_count: 502
{'loss': 0.2273, 'grad_norm': 5.02094030380249, 'learning_rate': 7.641118472391247e-06, 'epoch': 38.0}
{'eval_loss': 0.28000569343566895, 'eval_accuracy': 0.8905972797161443, 'eval_f1_macro': 0.890506090729299, 'eval_f1_weighted': 0.8905419683634677, 'eval_precision_macro': 0.8911749160396354, 'eval_recall_macro': 0.8903843988838549, 'eval_runtime': 8.8139, 'eval_samples_per_second': 1918.566, 'eval_steps_per_second': 30.066, 'epoch': 38.0}

TIC-level validation metrics for checkpoint selection:
  eval_tic_meanprob_accuracy: 0.900398
  eval_tic_meanprob_f1_macro: 0.900131
  eval_tic_meanprob_f1_weighted: 0.900295
  eval_tic_meanprob_precision_macro: 0.901319
  eval_tic_meanprob_recall_macro: 0.899662
  eval_tic_count: 502
{'loss': 0.2254, 'grad_norm': 6.488918304443359, 'learning_rate': 6.6232168971919785e-06, 'epoch': 39.0}
{'eval_loss': 0.2698307931423187, 'eval_accuracy': 0.8894145476049675, 'eval_f1_macro': 0.8893312228861199, 'eval_f1_weighted': 0.8893657020801258, 'eval_precision_macro': 0.8899060863399547, 'eval_recall_macro': 0.889217631167178, 'eval_runtime': 8.6308, 'eval_samples_per_second': 1959.255, 'eval_steps_per_second': 30.704, 'epoch': 39.0}

TIC-level validation metrics for checkpoint selection:
  eval_tic_meanprob_accuracy: 0.906375
  eval_tic_meanprob_f1_macro: 0.906142
  eval_tic_meanprob_f1_weighted: 0.906291
  eval_tic_meanprob_precision_macro: 0.907163
  eval_tic_meanprob_recall_macro: 0.905707
  eval_tic_count: 502
Saved new best TIC-level model to /home/truepeak/PycharmProjects/bachelors-thesis/src/lightcurves/example_experiment/results/002_example_experiment/best_tic_model.pt with tic_meanprob_f1_macro=0.906142
{'loss': 0.2252, 'grad_norm': 3.210942029953003, 'learning_rate': 5.679813360917616e-06, 'epoch': 40.0}
{'eval_loss': 0.2772686779499054, 'eval_accuracy': 0.8884092253104672, 'eval_f1_macro': 0.8884071456382439, 'eval_f1_weighted': 0.8884126154610779, 'eval_precision_macro': 0.8884275430145576, 'eval_recall_macro': 0.8884747502543062, 'eval_runtime': 8.4206, 'eval_samples_per_second': 2008.172, 'eval_steps_per_second': 31.47, 'epoch': 40.0}

TIC-level validation metrics for checkpoint selection:
  eval_tic_meanprob_accuracy: 0.896414
  eval_tic_meanprob_f1_macro: 0.896334
  eval_tic_meanprob_f1_weighted: 0.896426
  eval_tic_meanprob_precision_macro: 0.896260
  eval_tic_meanprob_recall_macro: 0.896436
  eval_tic_count: 502
{'loss': 0.223, 'grad_norm': 3.4010045528411865, 'learning_rate': 4.814631046325747e-06, 'epoch': 41.0}
{'eval_loss': 0.27935221791267395, 'eval_accuracy': 0.8894736842105263, 'eval_f1_macro': 0.8894372425299248, 'eval_f1_weighted': 0.8894600334181185, 'eval_precision_macro': 0.8895746291311402, 'eval_recall_macro': 0.8893822067209698, 'eval_runtime': 8.6203, 'eval_samples_per_second': 1961.652, 'eval_steps_per_second': 30.741, 'epoch': 41.0}

TIC-level validation metrics for checkpoint selection:
  eval_tic_meanprob_accuracy: 0.896414
  eval_tic_meanprob_f1_macro: 0.896250
  eval_tic_meanprob_f1_weighted: 0.896381
  eval_tic_meanprob_precision_macro: 0.896559
  eval_tic_meanprob_recall_macro: 0.896055
  eval_tic_count: 502
{'loss': 0.2221, 'grad_norm': 2.311387538909912, 'learning_rate': 4.031084432748118e-06, 'epoch': 42.0}
{'eval_loss': 0.2751125693321228, 'eval_accuracy': 0.8891188645771733, 'eval_f1_macro': 0.8890533239302224, 'eval_f1_weighted': 0.889083941458725, 'eval_precision_macro': 0.8894479168709499, 'eval_recall_macro': 0.8889575014813339, 'eval_runtime': 8.9426, 'eval_samples_per_second': 1890.941, 'eval_steps_per_second': 29.633, 'epoch': 42.0}

TIC-level validation metrics for checkpoint selection:
  eval_tic_meanprob_accuracy: 0.900398
  eval_tic_meanprob_f1_macro: 0.900170
  eval_tic_meanprob_f1_weighted: 0.900322
  eval_tic_meanprob_precision_macro: 0.901012
  eval_tic_meanprob_recall_macro: 0.899789
  eval_tic_count: 502
{'loss': 0.2201, 'grad_norm': 7.606566905975342, 'learning_rate': 3.332265820699808e-06, 'epoch': 43.0}
{'eval_loss': 0.276237815618515, 'eval_accuracy': 0.8896510940272029, 'eval_f1_macro': 0.8896199596621432, 'eval_f1_weighted': 0.8896410082469723, 'eval_precision_macro': 0.8897175421247263, 'eval_recall_macro': 0.8895750847651192, 'eval_runtime': 8.654, 'eval_samples_per_second': 1954.01, 'eval_steps_per_second': 30.622, 'epoch': 43.0}

TIC-level validation metrics for checkpoint selection:
  eval_tic_meanprob_accuracy: 0.898406
  eval_tic_meanprob_f1_macro: 0.898261
  eval_tic_meanprob_f1_weighted: 0.898383
  eval_tic_meanprob_precision_macro: 0.898473
  eval_tic_meanprob_recall_macro: 0.898112
  eval_tic_count: 502
{'loss': 0.2203, 'grad_norm': 3.398691177368164, 'learning_rate': 2.72093312798266e-06, 'epoch': 44.0}
{'eval_loss': 0.27866047620773315, 'eval_accuracy': 0.8892962743938498, 'eval_f1_macro': 0.8892604843218721, 'eval_f1_weighted': 0.889283088577858, 'eval_precision_macro': 0.8893922731755401, 'eval_recall_macro': 0.8892067886412132, 'eval_runtime': 8.5273, 'eval_samples_per_second': 1983.048, 'eval_steps_per_second': 31.077, 'epoch': 44.0}

TIC-level validation metrics for checkpoint selection:
  eval_tic_meanprob_accuracy: 0.904382
  eval_tic_meanprob_f1_macro: 0.904230
  eval_tic_meanprob_f1_weighted: 0.904352
  eval_tic_meanprob_precision_macro: 0.904545
  eval_tic_meanprob_recall_macro: 0.904031
  eval_tic_count: 502
{'loss': 0.2202, 'grad_norm': 3.3673150539398193, 'learning_rate': 2.1994990054434518e-06, 'epoch': 45.0}
{'eval_loss': 0.2749129831790924, 'eval_accuracy': 0.890360733293909, 'eval_f1_macro': 0.8902774072660468, 'eval_f1_weighted': 0.8903117390200157, 'eval_precision_macro': 0.8908608078822566, 'eval_recall_macro': 0.8901625957785024, 'eval_runtime': 8.4153, 'eval_samples_per_second': 2009.425, 'eval_steps_per_second': 31.49, 'epoch': 45.0}

TIC-level validation metrics for checkpoint selection:
  eval_tic_meanprob_accuracy: 0.900398
  eval_tic_meanprob_f1_macro: 0.900131
  eval_tic_meanprob_f1_weighted: 0.900295
  eval_tic_meanprob_precision_macro: 0.901319
  eval_tic_meanprob_recall_macro: 0.899662
  eval_tic_count: 502
{'loss': 0.2178, 'grad_norm': 7.660158634185791, 'learning_rate': 1.7700213153434294e-06, 'epoch': 46.0}
{'eval_loss': 0.27747195959091187, 'eval_accuracy': 0.8894736842105263, 'eval_f1_macro': 0.8894292464206893, 'eval_f1_weighted': 0.8894544147264377, 'eval_precision_macro': 0.8896323619753694, 'eval_recall_macro': 0.8893607175340251, 'eval_runtime': 8.9748, 'eval_samples_per_second': 1884.154, 'eval_steps_per_second': 29.527, 'epoch': 46.0}

TIC-level validation metrics for checkpoint selection:
  eval_tic_meanprob_accuracy: 0.900398
  eval_tic_meanprob_f1_macro: 0.900207
  eval_tic_meanprob_f1_weighted: 0.900346
  eval_tic_meanprob_precision_macro: 0.900756
  eval_tic_meanprob_recall_macro: 0.899916
  eval_tic_count: 502
{'loss': 0.2181, 'grad_norm': 5.8000006675720215, 'learning_rate': 1.434195009915749e-06, 'epoch': 47.0}
{'eval_loss': 0.27919086813926697, 'eval_accuracy': 0.8885274985215849, 'eval_f1_macro': 0.8884935628259286, 'eval_f1_weighted': 0.8885156497871693, 'eval_precision_macro': 0.8886091540543155, 'eval_recall_macro': 0.8884439574805658, 'eval_runtime': 8.3304, 'eval_samples_per_second': 2029.906, 'eval_steps_per_second': 31.811, 'epoch': 47.0}

TIC-level validation metrics for checkpoint selection:
  eval_tic_meanprob_accuracy: 0.900398
  eval_tic_meanprob_f1_macro: 0.900207
  eval_tic_meanprob_f1_weighted: 0.900346
  eval_tic_meanprob_precision_macro: 0.900756
  eval_tic_meanprob_recall_macro: 0.899916
  eval_tic_count: 502
{'loss': 0.2168, 'grad_norm': 3.5716183185577393, 'learning_rate': 1.1933454421634748e-06, 'epoch': 48.0}
{'eval_loss': 0.2807656228542328, 'eval_accuracy': 0.8888823181549379, 'eval_f1_macro': 0.888858605371587, 'eval_f1_weighted': 0.8888770379805075, 'eval_precision_macro': 0.8889049715281314, 'eval_recall_macro': 0.8888310566430484, 'eval_runtime': 8.567, 'eval_samples_per_second': 1973.857, 'eval_steps_per_second': 30.933, 'epoch': 48.0}

TIC-level validation metrics for checkpoint selection:
  eval_tic_meanprob_accuracy: 0.902390
  eval_tic_meanprob_f1_macro: 0.902278
  eval_tic_meanprob_f1_weighted: 0.902384
  eval_tic_meanprob_precision_macro: 0.902336
  eval_tic_meanprob_recall_macro: 0.902228
  eval_tic_count: 502
{'loss': 0.217, 'grad_norm': 6.1353068351745605, 'learning_rate': 1.0484231352968263e-06, 'epoch': 49.0}
{'eval_loss': 0.28177765011787415, 'eval_accuracy': 0.8885274985215849, 'eval_f1_macro': 0.8885063307648866, 'eval_f1_weighted': 0.8885237737231959, 'eval_precision_macro': 0.8885375207700605, 'eval_recall_macro': 0.8884855927802711, 'eval_runtime': 8.6022, 'eval_samples_per_second': 1965.769, 'eval_steps_per_second': 30.806, 'epoch': 49.0}

TIC-level validation metrics for checkpoint selection:
  eval_tic_meanprob_accuracy: 0.896414
  eval_tic_meanprob_f1_macro: 0.896281
  eval_tic_meanprob_f1_weighted: 0.896400
  eval_tic_meanprob_precision_macro: 0.896409
  eval_tic_meanprob_recall_macro: 0.896182
  eval_tic_count: 502
{'loss': 0.217, 'grad_norm': 3.854872226715088, 'learning_rate': 1.0000000314523045e-06, 'epoch': 50.0}
{'eval_loss': 0.27681559324264526, 'eval_accuracy': 0.8894736842105263, 'eval_f1_macro': 0.8894031643838827, 'eval_f1_weighted': 0.8894348735330995, 'eval_precision_macro': 0.8898489164591221, 'eval_recall_macro': 0.8893016222699272, 'eval_runtime': 8.2871, 'eval_samples_per_second': 2040.518, 'eval_steps_per_second': 31.977, 'epoch': 50.0}

TIC-level validation metrics for checkpoint selection:
  eval_tic_meanprob_accuracy: 0.898406
  eval_tic_meanprob_f1_macro: 0.898154
  eval_tic_meanprob_f1_weighted: 0.898315
  eval_tic_meanprob_precision_macro: 0.899158
  eval_tic_meanprob_recall_macro: 0.897731
  eval_tic_count: 502
{'train_runtime': 4381.292, 'train_samples_per_second': 905.658, 'train_steps_per_second': 14.151, 'train_loss': 0.26083054770192793, 'epoch': 50.0}
Loaded best TIC-level model from /home/truepeak/PycharmProjects/bachelors-thesis/src/lightcurves/example_experiment/results/002_example_experiment/best_tic_model.pt at epoch=39.0 with tic_meanprob_f1_macro=0.9061417222600137
{'train_epoch': [1.0, 2.0, 3.0, 4.0, 5.0, 6.0, 7.0, 8.0, 9.0, 10.0, 11.0, 12.0, 13.0, 14.0, 15.0, 16.0, 17.0, 18.0, 19.0, 20.0, 21.0, 22.0, 23.0, 24.0, 25.0, 26.0, 27.0, 28.0, 29.0, 30.0, 31.0, 32.0, 33.0, 34.0, 35.0, 36.0, 37.0, 38.0, 39.0, 40.0, 41.0, 42.0, 43.0, 44.0, 45.0, 46.0, 47.0, 48.0, 49.0, 50.0], 'epoch': [1.0, 2.0, 3.0, 4.0, 5.0, 6.0, 7.0, 8.0, 9.0, 10.0, 11.0, 12.0, 13.0, 14.0, 15.0, 16.0, 17.0, 18.0, 19.0, 20.0, 21.0, 22.0, 23.0, 24.0, 25.0, 26.0, 27.0, 28.0, 29.0, 30.0, 31.0, 32.0, 33.0, 34.0, 35.0, 36.0, 37.0, 38.0, 39.0, 40.0, 41.0, 42.0, 43.0, 44.0, 45.0, 46.0, 47.0, 48.0, 49.0, 50.0], 'train_loss': [0.4581, 0.3704, 0.3358, 0.3248, 0.3143, 0.3096, 0.3026, 0.2985, 0.2929, 0.2892, 0.2852, 0.2851, 0.2817, 0.2765, 0.2743, 0.2728, 0.27, 0.2675, 0.2644, 0.2625, 0.2611, 0.2584, 0.2549, 0.2534, 0.2514, 0.2479, 0.2475, 0.245, 0.244, 0.2399, 0.2392, 0.2368, 0.2337, 0.2329, 0.232, 0.2292, 0.2278, 0.2273, 0.2254, 0.2252, 0.223, 0.2221, 0.2201, 0.2203, 0.2202, 0.2178, 0.2181, 0.2168, 0.217, 0.217], 'val_loss': [0.346932977437973, 0.3051866292953491, 0.29006829857826233, 0.2921261787414551, 0.2807318866252899, 0.27535298466682434, 0.2799049913883209, 0.274682879447937, 0.2730863094329834, 0.26486656069755554, 0.26426124572753906, 0.2796282470226288, 0.3061494827270508, 0.2621915638446808, 0.2616744339466095, 0.26395803689956665, 0.2638360559940338, 0.27457553148269653, 0.26370012760162354, 0.26914626359939575, 0.27006441354751587, 0.26514267921447754, 0.2762046456336975, 0.2689262628555298, 0.26893872022628784, 0.2649434208869934, 0.293570876121521, 0.27293917536735535, 0.271217942237854, 0.27286848425865173, 0.26621487736701965, 0.26844722032546997, 0.2677256166934967, 0.2737995386123657, 0.2702132761478424, 0.27358078956604004, 0.2754005491733551, 0.28000569343566895, 0.2698307931423187, 0.2772686779499054, 0.27935221791267395, 0.2751125693321228, 0.276237815618515, 0.27866047620773315, 0.2749129831790924, 0.27747195959091187, 0.27919086813926697, 0.2807656228542328, 0.28177765011787415, 0.27681559324264526], 'val_accuracy': [0.853163808397398, 0.8672383205204022, 0.874334713187463, 0.8723240685984625, 0.8749260792430514, 0.8787699586043761, 0.882909520993495, 0.8783560023654642, 0.8836782968657599, 0.881785925487877, 0.8860437610881136, 0.8831460674157303, 0.8707273802483737, 0.8868125369603784, 0.8863985807214666, 0.8879361324659965, 0.8848018923713779, 0.886989946777055, 0.8865168539325843, 0.8859846244825547, 0.8875221762270845, 0.8890597279716145, 0.884387936132466, 0.8878769958604376, 0.8890597279716145, 0.8884683619160261, 0.8804849201655824, 0.8895328208160852, 0.8894736842105263, 0.8901241868716736, 0.890360733293909, 0.8898285038438793, 0.8912477823772915, 0.887344766410408, 0.8901241868716736, 0.8904198698994678, 0.8902424600827913, 0.8905972797161443, 0.8894145476049675, 0.8884092253104672, 0.8894736842105263, 0.8891188645771733, 0.8896510940272029, 0.8892962743938498, 0.890360733293909, 0.8894736842105263, 0.8885274985215849, 0.8888823181549379, 0.8885274985215849, 0.8894736842105263], 'val_f1_macro': [0.8528385405554173, 0.8672277334927261, 0.8742597086822756, 0.8719155461286786, 0.8744128523924607, 0.8785271659518614, 0.8829036241618249, 0.8779829614341195, 0.8836281579513476, 0.8815670212047232, 0.8859717327872949, 0.8831251912576746, 0.8703921517065585, 0.8866581992431091, 0.8863390493347563, 0.8878542241296769, 0.8845486349268934, 0.8869827435835447, 0.8862804489218061, 0.8859832831474121, 0.8875212699402653, 0.8888328062108265, 0.8842895850658237, 0.8878238696453058, 0.8887501701020012, 0.88834060037816, 0.8804020961324333, 0.8894579787894854, 0.8894629033412402, 0.890109723301348, 0.8902830349793662, 0.8897921791510166, 0.8911507043004105, 0.8873357827633154, 0.8900813046494153, 0.8903773588806813, 0.8902110547453679, 0.890506090729299, 0.8893312228861199, 0.8884071456382439, 0.8894372425299248, 0.8890533239302224, 0.8896199596621432, 0.8892604843218721, 0.8902774072660468, 0.8894292464206893, 0.8884935628259286, 0.888858605371587, 0.8885063307648866, 0.8894031643838827], 'val_f1_weighted': [0.8529170958078203, 0.867241195143811, 0.874294577604784, 0.8719976783948551, 0.87450400831782, 0.8785888275778968, 0.8828941892311529, 0.878059564491679, 0.883655584366069, 0.8816248336151297, 0.8860042726314294, 0.8831429267547839, 0.8703173099855952, 0.8867056877714996, 0.8863685842863025, 0.8878886363847608, 0.8846100306710107, 0.886992988125426, 0.8863393202085369, 0.8859788428655607, 0.8875248950875427, 0.8888898336690351, 0.8843278881181469, 0.887851587670592, 0.8888168013923216, 0.8883834853698913, 0.8803663608192542, 0.8894906371283653, 0.889475298113114, 0.8901240377627012, 0.8903161862602377, 0.8898148968742402, 0.8911876131930069, 0.8873472056788239, 0.8901059555077194, 0.8904018697383601, 0.8902321380488128, 0.8905419683634677, 0.8893657020801258, 0.8884126154610779, 0.8894600334181185, 0.889083941458725, 0.8896410082469723, 0.889283088577858, 0.8903117390200157, 0.8894544147264377, 0.8885156497871693, 0.8888770379805075, 0.8885237737231959, 0.8894348735330995], 'val_precision_macro': [0.8551216573483378, 0.8672169296625818, 0.8746485051466848, 0.8756244457176754, 0.8794141254282668, 0.8806462361592325, 0.8833047180929314, 0.881549712767612, 0.8838562347735992, 0.8834982086645807, 0.886407927599327, 0.8831493578610643, 0.8761785954983492, 0.8879710144785068, 0.886661213811132, 0.8884017961367723, 0.8869566891549013, 0.8869719936506288, 0.8885399978037882, 0.8862161560416969, 0.8875668969876793, 0.8910521574777852, 0.8849701222844724, 0.8880960131637581, 0.8919996919273143, 0.8893828889570987, 0.8824138473696731, 0.8899473409130438, 0.889453474038997, 0.8901107945682596, 0.8908081223222948, 0.8899296698783121, 0.8918901896226661, 0.8873242264003134, 0.8902736218080651, 0.8905676140854311, 0.890311986863711, 0.8911749160396354, 0.8899060863399547, 0.8884275430145576, 0.8895746291311402, 0.8894479168709499, 0.8897175421247263, 0.8893922731755401, 0.8908608078822566, 0.8896323619753694, 0.8886091540543155, 0.8889049715281314, 0.8885375207700605, 0.8898489164591221], 'val_recall_macro': [0.8527399391886789, 0.8672487358978784, 0.8741701008210814, 0.8717952238854999, 0.8743129563470531, 0.8783755808743382, 0.883103943491049, 0.8778413661224562, 0.8835565245151821, 0.8814114111975648, 0.8858725999841434, 0.8831081685785864, 0.8714171694882253, 0.8865078390973065, 0.8862529837757058, 0.8877437261682154, 0.8843841170341413, 0.8870136534263382, 0.8861134019930578, 0.8861378081692459, 0.8876043752264426, 0.8886613046575056, 0.8841708970122462, 0.887744348739061, 0.8885753479097267, 0.8881987974757313, 0.8808972796018413, 0.8893520365180752, 0.889476221913853, 0.8901086769461555, 0.8901733403719747, 0.8897370721030355, 0.8910235692870776, 0.8873577742149314, 0.8900146617532723, 0.8903110544420856, 0.8901651839943778, 0.8903843988838549, 0.889217631167178, 0.8884747502543062, 0.8893822067209698, 0.8889575014813339, 0.8895750847651192, 0.8892067886412132, 0.8901625957785024, 0.8893607175340251, 0.8884439574805658, 0.8888310566430484, 0.8884855927802711, 0.8893016222699272], 'val_tic_meanprob_accuracy': [0.8784860557768924, 0.8924302788844621, 0.896414342629482, 0.8944223107569721, 0.8884462151394422, 0.8944223107569721, 0.8944223107569721, 0.8884462151394422, 0.898406374501992, 0.896414342629482, 0.898406374501992, 0.896414342629482, 0.8904382470119522, 0.898406374501992, 0.900398406374502, 0.9043824701195219, 0.9023904382470119, 0.900398406374502, 0.8944223107569721, 0.900398406374502, 0.898406374501992, 0.900398406374502, 0.898406374501992, 0.8944223107569721, 0.900398406374502, 0.9023904382470119, 0.898406374501992, 0.9023904382470119, 0.900398406374502, 0.900398406374502, 0.900398406374502, 0.900398406374502, 0.900398406374502, 0.900398406374502, 0.9023904382470119, 0.900398406374502, 0.900398406374502, 0.900398406374502, 0.9063745019920318, 0.896414342629482, 0.896414342629482, 0.900398406374502, 0.898406374501992, 0.9043824701195219, 0.900398406374502, 0.900398406374502, 0.900398406374502, 0.9023904382470119, 0.896414342629482, 0.898406374501992], 'val_tic_meanprob_f1_macro': [0.8777481904959619, 0.8923208923208923, 0.8960910755513096, 0.8939065870746754, 0.8877334227887733, 0.8940181562521161, 0.8944017780952949, 0.8879321342007909, 0.8982282768133629, 0.8959917124870507, 0.898192663286609, 0.8962496621675331, 0.8903403381536983, 0.8980661960559477, 0.9001305067481538, 0.9040840697396704, 0.9018572825024438, 0.9002701843610934, 0.8939640914253831, 0.9003841757683515, 0.8983575707769083, 0.8998835298434833, 0.8981116306835141, 0.8941598144634197, 0.8998243933588761, 0.9021072530096508, 0.8983962949293394, 0.9021477529944824, 0.900320879400178, 0.9002701843610934, 0.9001702276596083, 0.9002701843610934, 0.9001305067481538, 0.9002971225193448, 0.9022504103034855, 0.9002400597764741, 0.9002400597764741, 0.9001305067481538, 0.9061417222600137, 0.896333714576185, 0.8962496621675331, 0.9001702276596083, 0.8982606311321992, 0.9042304573854152, 0.9001305067481538, 0.9002067430025446, 0.9002067430025446, 0.9022783703791988, 0.8962809917355372, 0.898153783728951], 'val_tic_meanprob_f1_weighted': [0.8780509044573692, 0.8924302788844621, 0.8962757995959796, 0.8941423464722967, 0.8880185397290409, 0.8942267521255903, 0.8944487098934144, 0.8881740546425091, 0.8983639702904137, 0.8962030275582663, 0.8983413319581798, 0.8963814065370923, 0.8902359020382274, 0.8982538807158342, 0.9002953680566758, 0.9042545842424426, 0.9020878363379328, 0.9003841594841233, 0.8941862583740323, 0.9004221240514194, 0.8984285580133937, 0.9001123638572694, 0.8982862936870566, 0.8943278120912932, 0.900066083049666, 0.9022750664836426, 0.8983640402968508, 0.9023030715561012, 0.9004094816565484, 0.9003841594841233, 0.9003223468028707, 0.9003841594841233, 0.9002953680566758, 0.900398406374502, 0.9023683285717183, 0.9003667370548964, 0.9003667370548964, 0.9002953680566758, 0.9062907012885053, 0.8964258609228103, 0.8963814065370923, 0.9003223468028707, 0.898383362390972, 0.9043520675727006, 0.9002953680566758, 0.9003461345457864, 0.9003461345457864, 0.9023838460194935, 0.8963995258634883, 0.8983154418236973], 'val_tic_meanprob_precision_macro': [0.8823500967117989, 0.8923208923208923, 0.8976693663040527, 0.8973053699897225, 0.8927989415428303, 0.8962895377128954, 0.8944920634920634, 0.8909907741676695, 0.8986503692386045, 0.8985342410893071, 0.8988785523129859, 0.8965588558155814, 0.8952170572416442, 0.8998721227621483, 0.901319463279991, 0.9056884075334259, 0.9059684684684685, 0.9003990397608941, 0.8967711940489932, 0.9005508198803118, 0.8982727965455931, 0.9036436986675668, 0.8994891443167305, 0.8951556320959306, 0.9042688523534242, 0.9034961685823755, 0.900305576776165, 0.9031604796530169, 0.900246168506313, 0.9003990397608941, 0.9010120328313013, 0.9003990397608941, 0.901319463279991, 0.9002971225193448, 0.9024650127226463, 0.9005520467091971, 0.9005520467091971, 0.901319463279991, 0.9071629034315601, 0.8962598268879536, 0.8965588558155814, 0.9010120328313013, 0.8984732824427482, 0.9045452376028127, 0.901319463279991, 0.9007563092110501, 0.9007563092110501, 0.9023363000635728, 0.896408642151953, 0.8991580558744738], 'val_tic_meanprob_recall_macro': [0.8769007102340436, 0.8923208923208923, 0.8955463399907845, 0.8931073931073932, 0.8868074423629979, 0.8933616155838378, 0.894886950442506, 0.887188776077665, 0.8979852868741758, 0.8952921175143398, 0.8978581756359534, 0.8960547849436737, 0.8922970589637256, 0.8974768419212864, 0.899661566328233, 0.9035225701892369, 0.9009565120676232, 0.9001700112811224, 0.8932345043456155, 0.9009326787104566, 0.8986208430652876, 0.8990260101371212, 0.8976039531595088, 0.8937429492985048, 0.8988988988988988, 0.901592068258735, 0.8996377329710663, 0.9017191794969572, 0.9004242337575671, 0.9001700112811224, 0.8997886775664554, 0.9001700112811224, 0.899661566328233, 0.9002971225193448, 0.9021005132116243, 0.9000429000429, 0.9000429000429, 0.899661566328233, 0.9057072945961835, 0.8964361186583409, 0.8960547849436737, 0.8997886775664554, 0.8981123981123981, 0.9040310151421262, 0.899661566328233, 0.8999157888046776, 0.8999157888046776, 0.9022276244498466, 0.8961818961818961, 0.8977310643977311]}

============================================================
VAL METRICS
============================================================
segment_accuracy: 0.889415
segment_f1_macro: 0.889331
segment_f1_weighted: 0.889366
segment_precision_macro: 0.889906
segment_recall_macro: 0.889218
tic_meanprob_accuracy: 0.906375
tic_meanprob_f1_macro: 0.906142
tic_meanprob_f1_weighted: 0.906291
tic_meanprob_precision_macro: 0.907163
tic_meanprob_recall_macro: 0.905707
tic_count: 502

VAL TIC-level classification report, mean-prob aggregation:
              precision    recall  f1-score   support

non-variable       0.90      0.93      0.91       259
    variable       0.92      0.88      0.90       243

    accuracy                           0.91       502
   macro avg       0.91      0.91      0.91       502
weighted avg       0.91      0.91      0.91       502

Skipping test evaluation because RUN_TEST_EVALUATION=False
Saved final best TIC-selected model package to: /home/truepeak/PycharmProjects/bachelors-thesis/src/lightcurves/example_experiment/results/002_example_experiment/best_model.pt
[1;34mwandb[0m: 
[1;34mwandb[0m: 🚀 View run [33msunny-violet-91[0m at: [34mhttps://wandb.ai/alex-mateides/huggingface/runs/j7jyyxj6[0m
[1;34mwandb[0m: Find logs at: [1;35mwandb/run-20260515_191234-j7jyyxj6/logs[0m
